 INFO 11:31:08 [main] (com.ankamagames.tools.alea.converter_ToVideo.swf.helper.Monitor:37) - Export des swf  0 fichiers en 0.722028 ms
 INFO 11:32:19 [main] (com.ankamagames.tools.alea.converter_ToVideo.swf.helper.Monitor:37) - Export des swf  0 fichiers en 0.147831 ms
 INFO 11:35:22 [main] (com.ankamagames.tools.alea.converter_ToVideo.swf.AnimExporter:88) - ---- 100200001
 INFO 11:35:23 [main] (com.ankamagames.tools.alea.converter_ToVideo.swf.helper.Monitor:37) - Export des swf  1 fichiers en 475.37354 ms
 INFO 11:37:23 [main] (com.ankamagames.tools.alea.converter_ToVideo.swf.helper.Monitor:37) - Export des swf  0 fichiers en 0.148131 ms
 INFO 11:39:24 [main] (com.ankamagames.tools.alea.converter_ToVideo.swf.helper.Monitor:37) - Export des swf  0 fichiers en 0.174573 ms
 INFO 11:39:27 [main] (com.ankamagames.tools.alea.converter_ToVideo.swf.helper.Monitor:37) - Export des swf  0 fichiers en 0.148131 ms
 INFO 11:39:31 [main] (com.ankamagames.tools.alea.converter_ToVideo.swf.helper.Monitor:37) - Export des swf  0 fichiers en 0.367774 ms
 INFO 11:40:14 [main] (com.ankamagames.tools.alea.converter_ToVideo.swf.AnimExporter:88) - ---- 100200001
 INFO 11:40:15 [main] (com.ankamagames.tools.alea.converter_ToVideo.swf.helper.Monitor:37) - Export des swf  1 fichiers en 278.92905 ms
 INFO 11:40:20 [main] (com.ankamagames.tools.alea.converter_ToVideo.swf.AnimExporter:88) - ---- 100200001
 INFO 11:40:21 [main] (com.ankamagames.tools.alea.converter_ToVideo.swf.helper.Monitor:37) - Export des swf  1 fichiers en 260.7855 ms
 INFO 11:40:24 [main] (com.ankamagames.tools.alea.converter_ToVideo.swf.AnimExporter:88) - ---- 100200001
 INFO 11:40:24 [main] (com.ankamagames.tools.alea.converter_ToVideo.swf.helper.Monitor:37) - Export des swf  1 fichiers en 267.4382 ms
 INFO 11:41:22 [main] (com.ankamagames.tools.alea.converter_ToVideo.swf.AnimExporter:88) - ---- 100200001
 INFO 11:41:23 [main] (com.ankamagames.tools.alea.converter_ToVideo.swf.helper.Monitor:37) - Export des swf  1 fichiers en 259.07373 ms
 INFO 09:16:19 [main] (com.ankamagames.tools.alea.converter_ToVideo.swf.AnimExporter:88) - ---- 100200001
 INFO 09:16:19 [main] (com.ankamagames.tools.alea.converter_ToVideo.swf.helper.Monitor:37) - Export des swf  1 fichiers en 545.34924 ms
 INFO 09:16:40 [main] (com.ankamagames.tools.alea.converter_ToVideo.swf.AnimExporter:88) - ---- 100200001
 INFO 09:16:40 [main] (com.ankamagames.tools.alea.converter_ToVideo.swf.helper.Monitor:37) - Export des swf  1 fichiers en 271.94043 ms
 INFO 09:17:29 [main] (com.ankamagames.tools.alea.converter_ToVideo.swf.AnimExporter:88) - ---- 186704211
 INFO 09:17:29 [main] (com.ankamagames.tools.alea.converter_ToVideo.swf.helper.Monitor:37) - Export des swf  1 fichiers en 431.40402 ms
 INFO 10:13:29 [main] (com.ankamagames.tools.alea.converter_ToVideo.swf.AnimExporter:88) - ---- 186704211
 INFO 10:13:29 [main] (com.ankamagames.tools.alea.converter_ToVideo.swf.helper.Monitor:37) - Export des swf  1 fichiers en 389.15744 ms
 INFO 11:23:51 [main] (com.ankamagames.tools.alea.converter_ToVideo.swf.AnimExporter:88) - ---- 186704211
 INFO 11:23:52 [main] (com.ankamagames.tools.alea.converter_ToVideo.swf.helper.Monitor:37) - Export des swf  1 fichiers en 432.3358 ms
 INFO 11:24:50 [main] (com.ankamagames.tools.alea.converter_ToVideo.swf.AnimExporter:88) - ---- 186704209
 INFO 11:24:50 [main] (com.ankamagames.tools.alea.converter_ToVideo.swf.helper.Monitor:37) - Export des swf  1 fichiers en 344.9691 ms
 INFO 11:35:14 [main] (com.ankamagames.tools.alea.converter_ToVideo.swf.AnimExporter:88) - ---- 186704209
 INFO 11:35:15 [main] (com.ankamagames.tools.alea.converter_ToVideo.swf.helper.Monitor:37) - Export des swf  1 fichiers en 434.20068 ms
 INFO 11:35:34 [main] (com.ankamagames.tools.alea.converter_ToVideo.swf.AnimExporter:88) - ---- 1300060
 INFO 11:35:35 [main] (com.ankamagames.tools.alea.converter_ToVideo.swf.helper.Monitor:37) - Export des swf  1 fichiers en 1145.663 ms
 INFO 17:31:56 [main] (com.ankamagames.tools.alea.converter_ToVideo.swf.AnimExporter:88) - ---- 1300060
 INFO 17:31:57 [main] (com.ankamagames.tools.alea.converter_ToVideo.swf.helper.Monitor:37) - Export des swf  1 fichiers en 1208.359 ms
 INFO 17:32:12 [main] (com.ankamagames.tools.alea.converter_ToVideo.swf.AnimExporter:88) - ---- 1300060
 INFO 17:32:13 [main] (com.ankamagames.tools.alea.converter_ToVideo.swf.AnimExporter:88) - ---- 20007
 INFO 17:32:13 [main] (com.ankamagames.tools.alea.converter_ToVideo.swf.helper.Monitor:37) - Export des swf  2 fichiers en 1449.4565 ms
ERROR 11:09:09 [main] (com.ankamagames.tools.alea.converter_ToVideo.swf.AnimExporter:278) - 
 le fichier G:\Wakfu\WORK\Tool\SWF\OUT\SuperAnimExporter\skin_wakfu\160.swf n'existe pas
	at com.ankamagames.tools.alea.converter_ToVideo.swf.AnimExporter.checkLinker(AnimExporter.java:70)
	at com.ankamagames.tools.alea.converter_ToVideo.swf.AnimExporter.fromConfig(AnimExporter.java:63)
	at com.ankamagames.tools.alea.converter_ToVideo.swf.AnimExporter.main(AnimExporter.java:275)
ERROR 11:09:49 [main] (com.ankamagames.tools.alea.converter_ToVideo.swf.AnimExporter:278) - 
 le fichier G:\Wakfu\WORK\Tool\SWF\OUT\SuperAnimExporter\skin_wakfu\160.swf n'existe pas
	at com.ankamagames.tools.alea.converter_ToVideo.swf.AnimExporter.checkLinker(AnimExporter.java:70)
	at com.ankamagames.tools.alea.converter_ToVideo.swf.AnimExporter.fromConfig(AnimExporter.java:63)
	at com.ankamagames.tools.alea.converter_ToVideo.swf.AnimExporter.main(AnimExporter.java:275)
ERROR 11:10:14 [main] (com.ankamagames.tools.alea.converter_ToVideo.swf.AnimExporter:278) - 
 le fichier G:\Wakfu\WORK\Tool\SWF\OUT\SuperAnimExporter\skin_wakfu\160.swf n'existe pas
	at com.ankamagames.tools.alea.converter_ToVideo.swf.AnimExporter.checkLinker(AnimExporter.java:70)
	at com.ankamagames.tools.alea.converter_ToVideo.swf.AnimExporter.fromConfig(AnimExporter.java:63)
	at com.ankamagames.tools.alea.converter_ToVideo.swf.AnimExporter.main(AnimExporter.java:275)
 INFO 11:12:20 [main] (com.ankamagames.tools.alea.converter_ToVideo.swf.AnimExporter:88) - ---- 143604528
 INFO 11:12:20 [main] (com.ankamagames.tools.alea.converter_ToVideo.swf.helper.Monitor:37) - Export des swf  1 fichiers en 141.11845 ms
 INFO 15:52:39 [main] (com.ankamagames.tools.alea.converter_ToVideo.swf.AnimExporter:88) - ---- 159304453
 INFO 15:52:39 [main] (com.ankamagames.tools.alea.converter_ToVideo.swf.helper.Monitor:37) - Export des swf  1 fichiers en 697.616 ms
 INFO 10:18:49 [main] (com.ankamagames.tools.alea.converter_ToVideo.swf.AnimExporter:88) - ---- 120504520
 INFO 10:18:50 [main] (com.ankamagames.tools.alea.converter_ToVideo.swf.helper.Monitor:37) - Export des swf  1 fichiers en 250.83612 ms
 INFO 09:50:30 [main] (com.ankamagames.tools.alea.converter_ToVideo.swf.helper.Monitor:37) - Export des swf  0 fichiers en 1.404396 ms
 INFO 09:50:44 [main] (com.ankamagames.tools.alea.converter_ToVideo.swf.AnimExporter:88) - ---- AnimEmotesMarket12
 INFO 09:50:44 [main] (com.ankamagames.tools.alea.converter_ToVideo.swf.helper.Monitor:37) - Export des swf  1 fichiers en 234.65785 ms
 INFO 10:03:13 [main] (com.ankamagames.tools.alea.converter_ToVideo.swf.AnimExporter:88) - ---- AnimEmotesMarket12
 INFO 10:03:13 [main] (com.ankamagames.tools.alea.converter_ToVideo.swf.helper.Monitor:37) - Export des swf  1 fichiers en 196.44862 ms
 INFO 09:05:31 [main] (com.ankamagames.tools.alea.converter_ToVideo.swf.AnimExporter:88) - ---- 990134
 INFO 09:05:32 [main] (com.ankamagames.tools.alea.converter_ToVideo.swf.helper.Monitor:37) - Export des swf  1 fichiers en 615.3598 ms
 INFO 09:10:08 [main] (com.ankamagames.tools.alea.converter_ToVideo.swf.AnimExporter:88) - ---- 990133
 INFO 09:10:09 [main] (com.ankamagames.tools.alea.converter_ToVideo.swf.helper.Monitor:37) - Export des swf  1 fichiers en 392.88986 ms
 INFO 09:59:28 [main] (com.ankamagames.tools.alea.converter_ToVideo.swf.AnimExporter:88) - ---- 159303065
 INFO 09:59:29 [main] (com.ankamagames.tools.alea.converter_ToVideo.swf.helper.Monitor:37) - Export des swf  1 fichiers en 714.4519 ms
 INFO 15:19:07 [main] (com.ankamagames.tools.alea.converter_ToVideo.swf.AnimExporter:88) - ---- 150
 INFO 15:19:08 [main] (com.ankamagames.tools.alea.converter_ToVideo.swf.helper.Monitor:37) - Export des swf  1 fichiers en 429.88684 ms
 INFO 09:37:36 [main] (com.ankamagames.tools.alea.converter_ToVideo.swf.AnimExporter:88) - ---- AnimSort_150A
 WARN 09:37:37 [main] (com.ankamagames.tools.alea.converter_ToVideo.swf.SWF:115) - tag non pris en compte UnknownTag
 WARN 09:37:37 [main] (com.ankamagames.tools.alea.converter_ToVideo.swf.SWF:115) - tag non pris en compte FlashTypeSettings
 INFO 09:37:37 [main] (com.ankamagames.tools.alea.converter_ToVideo.swf.AnimExporter:88) - ---- AnimSort_150B
 INFO 09:37:37 [main] (com.ankamagames.tools.alea.converter_ToVideo.swf.helper.Monitor:37) - Export des swf  2 fichiers en 1340.1824 ms
 INFO 10:02:24 [main] (com.ankamagames.tools.alea.converter_ToVideo.swf.AnimExporter:88) - ---- AnimSort_150A
 INFO 10:02:24 [main] (com.ankamagames.tools.alea.converter_ToVideo.swf.AnimExporter:88) - ---- AnimSort_150B
 WARN 10:02:24 [main] (com.ankamagames.tools.alea.converter_ToVideo.swf.SWF:115) - tag non pris en compte UnknownTag
 WARN 10:02:24 [main] (com.ankamagames.tools.alea.converter_ToVideo.swf.SWF:115) - tag non pris en compte FlashTypeSettings
 INFO 10:02:24 [main] (com.ankamagames.tools.alea.converter_ToVideo.swf.AnimExporter:88) - ---- AnimSort_150C
 INFO 10:02:25 [main] (com.ankamagames.tools.alea.converter_ToVideo.swf.helper.Monitor:37) - Export des swf  3 fichiers en 1369.8577 ms
 INFO 11:31:48 [main] (com.ankamagames.tools.alea.converter_ToVideo.swf.AnimExporter:88) - ---- AnimSort_150A
 INFO 11:31:48 [main] (com.ankamagames.tools.alea.converter_ToVideo.swf.AnimExporter:88) - ---- AnimSort_150B
 WARN 11:31:48 [main] (com.ankamagames.tools.alea.converter_ToVideo.swf.SWF:115) - tag non pris en compte UnknownTag
 WARN 11:31:48 [main] (com.ankamagames.tools.alea.converter_ToVideo.swf.SWF:115) - tag non pris en compte FlashTypeSettings
 INFO 11:31:48 [main] (com.ankamagames.tools.alea.converter_ToVideo.swf.AnimExporter:88) - ---- AnimSort_150C
 INFO 11:31:48 [main] (com.ankamagames.tools.alea.converter_ToVideo.swf.helper.Monitor:37) - Export des swf  3 fichiers en 222.1711 ms
 INFO 11:32:02 [main] (com.ankamagames.tools.alea.converter_ToVideo.swf.AnimExporter:88) - ---- AnimSort_150A
 INFO 11:32:02 [main] (com.ankamagames.tools.alea.converter_ToVideo.swf.AnimExporter:88) - ---- AnimSort_150B
 WARN 11:32:02 [main] (com.ankamagames.tools.alea.converter_ToVideo.swf.SWF:115) - tag non pris en compte UnknownTag
 WARN 11:32:02 [main] (com.ankamagames.tools.alea.converter_ToVideo.swf.SWF:115) - tag non pris en compte FlashTypeSettings
 INFO 11:32:02 [main] (com.ankamagames.tools.alea.converter_ToVideo.swf.AnimExporter:88) - ---- AnimSort_150C
 INFO 11:32:02 [main] (com.ankamagames.tools.alea.converter_ToVideo.swf.helper.Monitor:37) - Export des swf  3 fichiers en 173.3998 ms
 INFO 11:32:18 [main] (com.ankamagames.tools.alea.converter_ToVideo.swf.AnimExporter:88) - ---- AnimSort_150A
 INFO 11:32:18 [main] (com.ankamagames.tools.alea.converter_ToVideo.swf.AnimExporter:88) - ---- AnimSort_150B
 WARN 11:32:18 [main] (com.ankamagames.tools.alea.converter_ToVideo.swf.SWF:115) - tag non pris en compte UnknownTag
 WARN 11:32:18 [main] (com.ankamagames.tools.alea.converter_ToVideo.swf.SWF:115) - tag non pris en compte FlashTypeSettings
 INFO 11:32:18 [main] (com.ankamagames.tools.alea.converter_ToVideo.swf.AnimExporter:88) - ---- AnimSort_150C
 INFO 11:32:18 [main] (com.ankamagames.tools.alea.converter_ToVideo.swf.helper.Monitor:37) - Export des swf  3 fichiers en 174.3048 ms
 INFO 11:58:23 [main] (com.ankamagames.tools.alea.converter_ToVideo.swf.AnimExporter:88) - ---- AnimSort_150A
 INFO 11:58:24 [main] (com.ankamagames.tools.alea.converter_ToVideo.swf.helper.Monitor:37) - Export des swf  1 fichiers en 522.3546 ms
 INFO 12:10:49 [main] (com.ankamagames.tools.alea.converter_ToVideo.swf.AnimExporter:88) - ---- AnimSort_150A
 INFO 12:10:49 [main] (com.ankamagames.tools.alea.converter_ToVideo.swf.AnimExporter:88) - ---- AnimSort_150B
 WARN 12:10:50 [main] (com.ankamagames.tools.alea.converter_ToVideo.swf.SWF:115) - tag non pris en compte UnknownTag
 WARN 12:10:50 [main] (com.ankamagames.tools.alea.converter_ToVideo.swf.SWF:115) - tag non pris en compte FlashTypeSettings
 INFO 12:10:50 [main] (com.ankamagames.tools.alea.converter_ToVideo.swf.AnimExporter:88) - ---- AnimSort_150C
 INFO 12:10:50 [main] (com.ankamagames.tools.alea.converter_ToVideo.swf.helper.Monitor:37) - Export des swf  3 fichiers en 1447.4524 ms
 WARN 10:20:59 [main] (com.ankamagames.tools.alea.converter_ToVideo.swf.SWF:115) - tag non pris en compte UnknownTag
 WARN 10:20:59 [main] (com.ankamagames.tools.alea.converter_ToVideo.swf.SWF:115) - tag non pris en compte FlashTypeSettings
 INFO 10:20:59 [main] (com.ankamagames.tools.alea.converter_ToVideo.swf.AnimExporter:88) - ---- AnimSort_150C
 INFO 10:21:00 [main] (com.ankamagames.tools.alea.converter_ToVideo.swf.helper.Monitor:37) - Export des swf  1 fichiers en 815.693 ms
 WARN 17:33:41 [main] (com.ankamagames.tools.alea.converter_ToVideo.swf.SWF:115) - tag non pris en compte UnknownTag
 WARN 17:33:41 [main] (com.ankamagames.tools.alea.converter_ToVideo.swf.SWF:115) - tag non pris en compte FlashTypeSettings
 INFO 17:33:41 [main] (com.ankamagames.tools.alea.converter_ToVideo.swf.AnimExporter:88) - ---- AnimSort_150C
 INFO 17:33:41 [main] (com.ankamagames.tools.alea.converter_ToVideo.swf.helper.Monitor:37) - Export des swf  1 fichiers en 849.84515 ms
 INFO 17:19:34 [main] (com.ankamagames.tools.alea.converter_ToVideo.swf.AnimExporter:88) - ---- 100504559
 INFO 17:19:35 [main] (com.ankamagames.tools.alea.converter_ToVideo.swf.helper.Monitor:37) - Export des swf  1 fichiers en 346.0323 ms
 INFO 18:29:53 [main] (com.ankamagames.tools.alea.converter_ToVideo.swf.AnimExporter:88) - ---- 20008
 INFO 18:29:54 [main] (com.ankamagames.tools.alea.converter_ToVideo.swf.helper.Monitor:37) - Export des swf  1 fichiers en 167.52641 ms
 INFO 09:46:59 [main] (com.ankamagames.tools.alea.converter_ToVideo.swf.AnimExporter:88) - ---- 990142
 INFO 09:46:59 [main] (com.ankamagames.tools.alea.converter_ToVideo.swf.helper.Monitor:37) - Export des swf  1 fichiers en 376.17905 ms
 INFO 20:03:56 [main] (com.ankamagames.tools.alea.converter_ToVideo.swf.AnimExporter:88) - ---- AnimEmotesTransformations02
 INFO 20:03:57 [main] (com.ankamagames.tools.alea.converter_ToVideo.swf.helper.Monitor:37) - Export des swf  1 fichiers en 339.3387 ms
 INFO 11:48:11 [main] (com.ankamagames.tools.alea.converter_ToVideo.swf.AnimExporter:88) - ---- 100504566
 INFO 11:48:11 [main] (com.ankamagames.tools.alea.converter_ToVideo.swf.helper.Monitor:37) - Export des swf  1 fichiers en 184.28424 ms
 INFO 16:48:59 [main] (com.ankamagames.tools.alea.converter_ToVideo.swf.AnimExporter:88) - ---- 120504540
 INFO 16:48:59 [main] (com.ankamagames.tools.alea.converter_ToVideo.swf.helper.Monitor:37) - Export des swf  1 fichiers en 119.4853 ms
 INFO 09:29:24 [main] (com.ankamagames.tools.alea.converter_ToVideo.swf.AnimExporter:88) - ---- 20009
 INFO 09:29:24 [main] (com.ankamagames.tools.alea.converter_ToVideo.swf.helper.Monitor:37) - Export des swf  1 fichiers en 236.9506 ms
 INFO 09:35:16 [main] (com.ankamagames.tools.alea.converter_ToVideo.swf.AnimExporter:88) - ---- 20009
 INFO 09:35:16 [main] (com.ankamagames.tools.alea.converter_ToVideo.swf.helper.Monitor:37) - Export des swf  1 fichiers en 206.37633 ms
 INFO 10:08:24 [main] (com.ankamagames.tools.alea.converter_ToVideo.swf.AnimExporter:88) - ---- 20009
 INFO 10:08:24 [main] (com.ankamagames.tools.alea.converter_ToVideo.swf.helper.Monitor:37) - Export des swf  1 fichiers en 214.27296 ms
 INFO 14:26:53 [main] (com.ankamagames.tools.alea.converter_ToVideo.swf.AnimExporter:88) - ---- 20010
 INFO 14:26:53 [main] (com.ankamagames.tools.alea.converter_ToVideo.swf.helper.Monitor:37) - Export des swf  1 fichiers en 171.84456 ms
 INFO 09:43:17 [main] (com.ankamagames.tools.alea.converter_ToVideo.swf.AnimExporter:88) - ---- AnimCombat
 INFO 09:43:17 [main] (com.ankamagames.tools.alea.converter_ToVideo.swf.helper.Monitor:37) - Export des swf  1 fichiers en 469.2295 ms
 INFO 09:31:16 [main] (com.ankamagames.tools.alea.converter_ToVideo.swf.AnimExporter:88) - ---- 193804648
 INFO 09:31:17 [main] (com.ankamagames.tools.alea.converter_ToVideo.swf.helper.Monitor:37) - Export des swf  1 fichiers en 468.00046 ms
 INFO 09:53:33 [main] (com.ankamagames.tools.alea.converter_ToVideo.swf.AnimExporter:88) - ---- 193804649
 INFO 09:53:33 [main] (com.ankamagames.tools.alea.converter_ToVideo.swf.helper.Monitor:37) - Export des swf  1 fichiers en 538.10657 ms
 INFO 09:40:03 [main] (com.ankamagames.tools.alea.converter_ToVideo.swf.AnimExporter:88) - ---- 193804650
 INFO 09:40:04 [main] (com.ankamagames.tools.alea.converter_ToVideo.swf.helper.Monitor:37) - Export des swf  1 fichiers en 519.61664 ms
 INFO 15:07:09 [main] (com.ankamagames.tools.alea.converter_ToVideo.swf.AnimExporter:88) - ---- 193804651
 INFO 15:07:10 [main] (com.ankamagames.tools.alea.converter_ToVideo.swf.helper.Monitor:37) - Export des swf  1 fichiers en 469.1152 ms
 INFO 15:14:54 [main] (com.ankamagames.tools.alea.converter_ToVideo.swf.AnimExporter:88) - ---- 193804648
 INFO 15:14:54 [main] (com.ankamagames.tools.alea.converter_ToVideo.swf.helper.Monitor:37) - Export des swf  1 fichiers en 417.12888 ms
 INFO 14:10:58 [main] (com.ankamagames.tools.alea.converter_ToVideo.swf.AnimExporter:88) - ---- 193804665
 INFO 14:10:58 [main] (com.ankamagames.tools.alea.converter_ToVideo.swf.helper.Monitor:37) - Export des swf  1 fichiers en 966.3916 ms
 INFO 14:11:06 [main] (com.ankamagames.tools.alea.converter_ToVideo.swf.AnimExporter:88) - ---- 193804665
 INFO 14:11:06 [main] (com.ankamagames.tools.alea.converter_ToVideo.swf.helper.Monitor:37) - Export des swf  1 fichiers en 66.4935 ms
 INFO 15:55:24 [main] (com.ankamagames.tools.alea.converter_ToVideo.swf.AnimExporter:88) - ---- 194204675
 INFO 15:55:24 [main] (com.ankamagames.tools.alea.converter_ToVideo.swf.helper.Monitor:37) - Export des swf  1 fichiers en 228.79697 ms
 INFO 10:10:13 [main] (com.ankamagames.tools.alea.converter_ToVideo.swf.AnimExporter:88) - ---- 194304647
 INFO 10:10:14 [main] (com.ankamagames.tools.alea.converter_ToVideo.swf.helper.Monitor:37) - Export des swf  1 fichiers en 393.23373 ms
 INFO 09:17:26 [main] (com.ankamagames.tools.alea.converter_ToVideo.swf.AnimExporter:88) - ---- 91006951
 INFO 09:17:26 [main] (com.ankamagames.tools.alea.converter_ToVideo.swf.helper.Monitor:37) - Export des swf  1 fichiers en 311.69394 ms
 INFO 10:27:18 [main] (com.ankamagames.tools.alea.converter_ToVideo.swf.AnimExporter:88) - ---- 91006951
 INFO 10:27:18 [main] (com.ankamagames.tools.alea.converter_ToVideo.swf.helper.Monitor:37) - Export des swf  1 fichiers en 262.31998 ms
 INFO 17:25:20 [main] (com.ankamagames.tools.alea.converter_ToVideo.swf.AnimExporter:88) - ---- AnimInteractions
 INFO 17:25:21 [main] (com.ankamagames.tools.alea.converter_ToVideo.swf.helper.Monitor:37) - Export des swf  1 fichiers en 931.208 ms
 INFO 10:36:21 [main] (com.ankamagames.tools.alea.converter_ToVideo.swf.AnimExporter:88) - ---- EpeeCombat
 INFO 10:36:22 [main] (com.ankamagames.tools.alea.converter_ToVideo.swf.helper.Monitor:37) - Export des swf  1 fichiers en 635.4435 ms
 INFO 11:19:27 [main] (com.ankamagames.tools.alea.converter_ToVideo.swf.AnimExporter:88) - ---- 8677
 INFO 11:19:27 [main] (com.ankamagames.tools.alea.converter_ToVideo.swf.helper.Monitor:37) - Export des swf  1 fichiers en 161.54616 ms
 INFO 14:10:55 [main] (com.ankamagames.tools.alea.converter_ToVideo.swf.AnimExporter:88) - ---- 990153
 INFO 14:10:55 [main] (com.ankamagames.tools.alea.converter_ToVideo.swf.helper.Monitor:37) - Export des swf  1 fichiers en 397.02792 ms
 INFO 09:50:50 [main] (com.ankamagames.tools.alea.converter_ToVideo.swf.AnimExporter:88) - ---- 193804649
 INFO 09:50:51 [main] (com.ankamagames.tools.alea.converter_ToVideo.swf.helper.Monitor:37) - Export des swf  1 fichiers en 636.2843 ms
 INFO 17:27:47 [main] (com.ankamagames.tools.alea.converter_ToVideo.swf.AnimExporter:88) - ---- AnimCourseMarket04
 INFO 17:27:48 [main] (com.ankamagames.tools.alea.converter_ToVideo.swf.helper.Monitor:37) - Export des swf  1 fichiers en 308.96957 ms
 INFO 17:29:13 [main] (com.ankamagames.tools.alea.converter_ToVideo.swf.AnimExporter:88) - ---- AnimCourseMarket04
 INFO 17:29:13 [main] (com.ankamagames.tools.alea.converter_ToVideo.swf.helper.Monitor:37) - Export des swf  1 fichiers en 236.29446 ms
 INFO 12:04:32 [main] (com.ankamagames.tools.alea.converter_ToVideo.swf.AnimExporter:88) - ---- 20011
 INFO 12:04:32 [main] (com.ankamagames.tools.alea.converter_ToVideo.swf.helper.Monitor:37) - Export des swf  1 fichiers en 311.4907 ms
 INFO 09:35:55 [main] (com.ankamagames.tools.alea.converter_ToVideo.swf.AnimExporter:88) - ---- AnimEmotesMarket05
 INFO 09:35:56 [main] (com.ankamagames.tools.alea.converter_ToVideo.swf.helper.Monitor:37) - Export des swf  1 fichiers en 973.02655 ms
 INFO 15:43:09 [main] (com.ankamagames.tools.alea.converter_ToVideo.swf.AnimExporter:88) - ---- 192404687
 INFO 15:43:10 [main] (com.ankamagames.tools.alea.converter_ToVideo.swf.helper.Monitor:37) - Export des swf  1 fichiers en 404.03268 ms
 INFO 09:41:58 [main] (com.ankamagames.tools.alea.converter_ToVideo.swf.AnimExporter:88) - ---- 192404687
 INFO 09:41:58 [main] (com.ankamagames.tools.alea.converter_ToVideo.swf.helper.Monitor:37) - Export des swf  1 fichiers en 479.02618 ms
 INFO 17:20:21 [main] (com.ankamagames.tools.alea.converter_ToVideo.swf.AnimExporter:88) - ---- 1036
 INFO 17:20:22 [main] (com.ankamagames.tools.alea.converter_ToVideo.swf.AnimExporter:88) - ---- 1037
 INFO 17:20:22 [main] (com.ankamagames.tools.alea.converter_ToVideo.swf.AnimExporter:88) - ---- 1038
 INFO 17:20:23 [main] (com.ankamagames.tools.alea.converter_ToVideo.swf.AnimExporter:88) - ---- 1039
 INFO 17:20:24 [main] (com.ankamagames.tools.alea.converter_ToVideo.swf.AnimExporter:88) - ---- 1040
 INFO 17:20:24 [main] (com.ankamagames.tools.alea.converter_ToVideo.swf.helper.Monitor:37) - Export des swf  5 fichiers en 3963.9358 ms
 INFO 17:49:08 [main] (com.ankamagames.tools.alea.converter_ToVideo.swf.AnimExporter:88) - ---- 192404688
 INFO 17:49:09 [main] (com.ankamagames.tools.alea.converter_ToVideo.swf.helper.Monitor:37) - Export des swf  1 fichiers en 224.37816 ms
 INFO 20:49:43 [main] (com.ankamagames.tools.alea.converter_ToVideo.swf.AnimExporter:88) - ---- 192404573
 INFO 20:49:44 [main] (com.ankamagames.tools.alea.converter_ToVideo.swf.helper.Monitor:37) - Export des swf  1 fichiers en 656.48126 ms
 INFO 18:05:50 [main] (com.ankamagames.tools.alea.converter_ToVideo.swf.AnimExporter:88) - ---- 1036
 INFO 18:05:51 [main] (com.ankamagames.tools.alea.converter_ToVideo.swf.helper.Monitor:37) - Export des swf  1 fichiers en 1172.6216 ms
 INFO 16:52:00 [main] (com.ankamagames.tools.alea.converter_ToVideo.swf.AnimExporter:88) - ---- 192404567
 INFO 16:52:00 [main] (com.ankamagames.tools.alea.converter_ToVideo.swf.helper.Monitor:37) - Export des swf  1 fichiers en 303.3646 ms
 INFO 10:55:20 [main] (com.ankamagames.tools.alea.converter_ToVideo.swf.AnimExporter:88) - ---- AnimEmoteMarket-Heros04
 INFO 10:55:21 [main] (com.ankamagames.tools.alea.converter_ToVideo.swf.helper.Monitor:37) - Export des swf  1 fichiers en 202.93085 ms
 INFO 11:47:52 [main] (com.ankamagames.tools.alea.converter_ToVideo.swf.AnimExporter:88) - ---- 192404571
 INFO 11:47:52 [main] (com.ankamagames.tools.alea.converter_ToVideo.swf.helper.Monitor:37) - Export des swf  1 fichiers en 168.05293 ms
 INFO 16:55:37 [main] (com.ankamagames.tools.alea.converter_ToVideo.swf.AnimExporter:88) - ---- AnimBanner-FinishMove-DieuFeca
 INFO 16:55:37 [main] (com.ankamagames.tools.alea.converter_ToVideo.swf.AnimExporter:88) - ---- AnimBanner-FinishMove-DieuOsamodas
 INFO 16:55:37 [main] (com.ankamagames.tools.alea.converter_ToVideo.swf.helper.Monitor:37) - Export des swf  2 fichiers en 877.9359 ms
 INFO 17:02:11 [main] (com.ankamagames.tools.alea.converter_ToVideo.swf.AnimExporter:88) - ---- 20013
 INFO 17:02:11 [main] (com.ankamagames.tools.alea.converter_ToVideo.swf.AnimExporter:88) - ---- 20014
 INFO 17:02:12 [main] (com.ankamagames.tools.alea.converter_ToVideo.swf.helper.Monitor:37) - Export des swf  2 fichiers en 663.5495 ms
 INFO 17:29:32 [main] (com.ankamagames.tools.alea.converter_ToVideo.swf.AnimExporter:88) - ---- 192404572
 INFO 17:29:32 [main] (com.ankamagames.tools.alea.converter_ToVideo.swf.helper.Monitor:37) - Export des swf  1 fichiers en 139.3477 ms
 INFO 19:34:10 [main] (com.ankamagames.tools.alea.converter_ToVideo.swf.AnimExporter:88) - ---- AnimEmoteMarket-Heros05
 INFO 19:34:10 [main] (com.ankamagames.tools.alea.converter_ToVideo.swf.helper.Monitor:37) - Export des swf  1 fichiers en 227.4728 ms
 INFO 11:48:13 [main] (com.ankamagames.tools.alea.converter_ToVideo.swf.AnimExporter:88) - ---- AnimEmoteMarket-Heros05
 INFO 11:48:13 [main] (com.ankamagames.tools.alea.converter_ToVideo.swf.helper.Monitor:37) - Export des swf  1 fichiers en 335.40878 ms
 INFO 11:55:26 [main] (com.ankamagames.tools.alea.converter_ToVideo.swf.AnimExporter:88) - ---- AnimEmotes05
 INFO 11:55:27 [main] (com.ankamagames.tools.alea.converter_ToVideo.swf.helper.Monitor:37) - Export des swf  1 fichiers en 1177.855 ms
 INFO 15:35:46 [main] (com.ankamagames.tools.alea.converter_ToVideo.swf.AnimExporter:88) - ---- AnimEmotes05
 INFO 15:35:46 [main] (com.ankamagames.tools.alea.converter_ToVideo.swf.helper.Monitor:37) - Export des swf  1 fichiers en 1135.0405 ms
 INFO 15:37:34 [main] (com.ankamagames.tools.alea.converter_ToVideo.swf.AnimExporter:88) - ---- 990156
 INFO 15:37:34 [main] (com.ankamagames.tools.alea.converter_ToVideo.swf.helper.Monitor:37) - Export des swf  1 fichiers en 422.4537 ms
 INFO 14:22:50 [main] (com.ankamagames.tools.alea.converter_ToVideo.swf.AnimExporter:88) - ---- 990157
 INFO 14:22:50 [main] (com.ankamagames.tools.alea.converter_ToVideo.swf.helper.Monitor:37) - Export des swf  1 fichiers en 718.65234 ms
 INFO 12:14:33 [main] (com.ankamagames.tools.alea.converter_ToVideo.swf.AnimExporter:88) - ---- 102200145
 INFO 12:14:34 [main] (com.ankamagames.tools.alea.converter_ToVideo.swf.helper.Monitor:37) - Export des swf  1 fichiers en 500.1965 ms
 INFO 16:54:46 [main] (com.ankamagames.tools.alea.converter_ToVideo.swf.AnimExporter:88) - ---- 193804649
 INFO 16:54:46 [main] (com.ankamagames.tools.alea.converter_ToVideo.swf.helper.Monitor:37) - Export des swf  1 fichiers en 625.72577 ms
ERROR 15:06:54 [main] (com.ankamagames.tools.alea.converter_ToVideo.swf.AnimExporter:278) - 
java.lang.IllegalArgumentException: Flash version > 8 not supported!
	at com.jswiff.SWFDocument.setVersion(SWFDocument.java:266)
	at com.jswiff.listeners.SWFDocumentReader.processHeader(SWFDocumentReader.java:70)
	at com.jswiff.SWFReader.processHeader(SWFReader.java:169)
	at com.jswiff.SWFReader.read(SWFReader.java:112)
	at com.ankamagames.tools.alea.converter_ToVideo.swf.SWF.load(SWF.java:70)
	at com.ankamagames.tools.alea.converter_ToVideo.swf.AnimExporter.convert(AnimExporter.java:256)
	at com.ankamagames.tools.alea.converter_ToVideo.swf.AnimExporter.execute(AnimExporter.java:199)
	at com.ankamagames.tools.alea.converter_ToVideo.swf.AnimExporter.main(AnimExporter.java:276)
ERROR 15:07:00 [main] (com.ankamagames.tools.alea.converter_ToVideo.swf.AnimExporter:278) - 
java.lang.IllegalArgumentException: Flash version > 8 not supported!
	at com.jswiff.SWFDocument.setVersion(SWFDocument.java:266)
	at com.jswiff.listeners.SWFDocumentReader.processHeader(SWFDocumentReader.java:70)
	at com.jswiff.SWFReader.processHeader(SWFReader.java:169)
	at com.jswiff.SWFReader.read(SWFReader.java:112)
	at com.ankamagames.tools.alea.converter_ToVideo.swf.SWF.load(SWF.java:70)
	at com.ankamagames.tools.alea.converter_ToVideo.swf.AnimExporter.convert(AnimExporter.java:256)
	at com.ankamagames.tools.alea.converter_ToVideo.swf.AnimExporter.execute(AnimExporter.java:199)
	at com.ankamagames.tools.alea.converter_ToVideo.swf.AnimExporter.main(AnimExporter.java:276)
 INFO 10:42:31 [main] (com.ankamagames.tools.alea.converter_ToVideo.swf.AnimExporter:88) - ---- 179403857
 INFO 10:42:31 [main] (com.ankamagames.tools.alea.converter_ToVideo.swf.helper.Monitor:37) - Export des swf  1 fichiers en 578.45465 ms
 INFO 10:07:40 [main] (com.ankamagames.tools.alea.converter_ToVideo.swf.AnimExporter:88) - ---- 154802561
 INFO 10:07:40 [main] (com.ankamagames.tools.alea.converter_ToVideo.swf.helper.Monitor:37) - Export des swf  1 fichiers en 330.6843 ms
 INFO 16:35:54 [main] (com.ankamagames.tools.alea.converter_ToVideo.swf.AnimExporter:88) - ---- 145102074
 INFO 16:35:55 [main] (com.ankamagames.tools.alea.converter_ToVideo.swf.helper.Monitor:37) - Export des swf  1 fichiers en 1800.2876 ms
 INFO 16:37:51 [main] (com.ankamagames.tools.alea.converter_ToVideo.swf.AnimExporter:88) - ---- 145102075
 INFO 16:37:51 [main] (com.ankamagames.tools.alea.converter_ToVideo.swf.helper.Monitor:37) - Export des swf  1 fichiers en 649.6641 ms
 INFO 10:26:01 [main] (com.ankamagames.tools.alea.converter_ToVideo.swf.AnimExporter:88) - ---- 20015
 INFO 10:26:01 [main] (com.ankamagames.tools.alea.converter_ToVideo.swf.helper.Monitor:37) - Export des swf  1 fichiers en 268.14188 ms
 INFO 10:21:51 [main] (com.ankamagames.tools.alea.converter_ToVideo.swf.AnimExporter:88) - ---- 154502552
 INFO 10:21:52 [main] (com.ankamagames.tools.alea.converter_ToVideo.swf.helper.Monitor:37) - Export des swf  1 fichiers en 659.4147 ms
 INFO 10:46:28 [main] (com.ankamagames.tools.alea.converter_ToVideo.swf.AnimExporter:88) - ---- AnimSort_130c
 INFO 10:46:28 [main] (com.ankamagames.tools.alea.converter_ToVideo.swf.helper.Monitor:37) - Export des swf  1 fichiers en 629.6297 ms
 INFO 10:54:15 [main] (com.ankamagames.tools.alea.converter_ToVideo.swf.AnimExporter:88) - ---- AnimSort_130c
 INFO 10:54:15 [main] (com.ankamagames.tools.alea.converter_ToVideo.swf.helper.Monitor:37) - Export des swf  1 fichiers en 134.2395 ms
 INFO 14:19:28 [main] (com.ankamagames.tools.alea.converter_ToVideo.swf.AnimExporter:88) - ---- 100501236
 INFO 14:19:28 [main] (com.ankamagames.tools.alea.converter_ToVideo.swf.helper.Monitor:37) - Export des swf  1 fichiers en 476.16345 ms
 INFO 14:53:17 [main] (com.ankamagames.tools.alea.converter_ToVideo.swf.AnimExporter:88) - ---- 100501236
 INFO 14:53:18 [main] (com.ankamagames.tools.alea.converter_ToVideo.swf.helper.Monitor:37) - Export des swf  1 fichiers en 342.5411 ms
 INFO 14:54:37 [main] (com.ankamagames.tools.alea.converter_ToVideo.swf.AnimExporter:88) - ---- 100501236
 INFO 14:54:37 [main] (com.ankamagames.tools.alea.converter_ToVideo.swf.helper.Monitor:37) - Export des swf  1 fichiers en 286.41104 ms
 INFO 15:40:18 [main] (com.ankamagames.tools.alea.converter_ToVideo.swf.AnimExporter:88) - ---- 100503795
 INFO 15:40:19 [main] (com.ankamagames.tools.alea.converter_ToVideo.swf.helper.Monitor:37) - Export des swf  1 fichiers en 161.89291 ms
ERROR 15:46:06 [main] (com.ankamagames.tools.alea.converter_ToVideo.swf.AnimExporter:278) - 
java.lang.IllegalArgumentException: Flash version > 8 not supported!
	at com.jswiff.SWFDocument.setVersion(SWFDocument.java:266)
	at com.jswiff.listeners.SWFDocumentReader.processHeader(SWFDocumentReader.java:70)
	at com.jswiff.SWFReader.processHeader(SWFReader.java:169)
	at com.jswiff.SWFReader.read(SWFReader.java:112)
	at com.ankamagames.tools.alea.converter_ToVideo.swf.SWF.load(SWF.java:70)
	at com.ankamagames.tools.alea.converter_ToVideo.swf.AnimExporter.convert(AnimExporter.java:256)
	at com.ankamagames.tools.alea.converter_ToVideo.swf.AnimExporter.execute(AnimExporter.java:199)
	at com.ankamagames.tools.alea.converter_ToVideo.swf.AnimExporter.main(AnimExporter.java:276)
ERROR 15:49:11 [main] (com.ankamagames.tools.alea.converter_ToVideo.swf.AnimExporter:278) - 
java.lang.IllegalArgumentException: Flash version > 8 not supported!
	at com.jswiff.SWFDocument.setVersion(SWFDocument.java:266)
	at com.jswiff.listeners.SWFDocumentReader.processHeader(SWFDocumentReader.java:70)
	at com.jswiff.SWFReader.processHeader(SWFReader.java:169)
	at com.jswiff.SWFReader.read(SWFReader.java:112)
	at com.ankamagames.tools.alea.converter_ToVideo.swf.SWF.load(SWF.java:70)
	at com.ankamagames.tools.alea.converter_ToVideo.swf.AnimExporter.convert(AnimExporter.java:256)
	at com.ankamagames.tools.alea.converter_ToVideo.swf.AnimExporter.execute(AnimExporter.java:199)
	at com.ankamagames.tools.alea.converter_ToVideo.swf.AnimExporter.main(AnimExporter.java:276)
ERROR 17:02:39 [main] (com.ankamagames.tools.alea.converter_ToVideo.swf.AnimExporter:278) - 
java.lang.IllegalArgumentException: Flash version > 8 not supported!
	at com.jswiff.SWFDocument.setVersion(SWFDocument.java:266)
	at com.jswiff.listeners.SWFDocumentReader.processHeader(SWFDocumentReader.java:70)
	at com.jswiff.SWFReader.processHeader(SWFReader.java:169)
	at com.jswiff.SWFReader.read(SWFReader.java:112)
	at com.ankamagames.tools.alea.converter_ToVideo.swf.SWF.load(SWF.java:70)
	at com.ankamagames.tools.alea.converter_ToVideo.swf.AnimExporter.convert(AnimExporter.java:256)
	at com.ankamagames.tools.alea.converter_ToVideo.swf.AnimExporter.execute(AnimExporter.java:199)
	at com.ankamagames.tools.alea.converter_ToVideo.swf.AnimExporter.main(AnimExporter.java:276)
 INFO 11:45:14 [main] (com.ankamagames.tools.alea.converter_ToVideo.swf.AnimExporter:88) - ---- AnimCourseMarket05
 INFO 11:45:14 [main] (com.ankamagames.tools.alea.converter_ToVideo.swf.helper.Monitor:37) - Export des swf  1 fichiers en 174.88118 ms
ERROR 14:44:06 [main] (com.ankamagames.tools.alea.converter_ToVideo.swf.AnimExporter:278) - 
java.lang.IllegalArgumentException: Flash version > 8 not supported!
	at com.jswiff.SWFDocument.setVersion(SWFDocument.java:266)
	at com.jswiff.listeners.SWFDocumentReader.processHeader(SWFDocumentReader.java:70)
	at com.jswiff.SWFReader.processHeader(SWFReader.java:169)
	at com.jswiff.SWFReader.read(SWFReader.java:112)
	at com.ankamagames.tools.alea.converter_ToVideo.swf.SWF.load(SWF.java:70)
	at com.ankamagames.tools.alea.converter_ToVideo.swf.AnimExporter.convert(AnimExporter.java:256)
	at com.ankamagames.tools.alea.converter_ToVideo.swf.AnimExporter.execute(AnimExporter.java:199)
	at com.ankamagames.tools.alea.converter_ToVideo.swf.AnimExporter.main(AnimExporter.java:276)
ERROR 14:44:19 [main] (com.ankamagames.tools.alea.converter_ToVideo.swf.AnimExporter:278) - 
java.lang.IllegalArgumentException: Flash version > 8 not supported!
	at com.jswiff.SWFDocument.setVersion(SWFDocument.java:266)
	at com.jswiff.listeners.SWFDocumentReader.processHeader(SWFDocumentReader.java:70)
	at com.jswiff.SWFReader.processHeader(SWFReader.java:169)
	at com.jswiff.SWFReader.read(SWFReader.java:112)
	at com.ankamagames.tools.alea.converter_ToVideo.swf.SWF.load(SWF.java:70)
	at com.ankamagames.tools.alea.converter_ToVideo.swf.AnimExporter.convert(AnimExporter.java:256)
	at com.ankamagames.tools.alea.converter_ToVideo.swf.AnimExporter.execute(AnimExporter.java:199)
	at com.ankamagames.tools.alea.converter_ToVideo.swf.AnimExporter.main(AnimExporter.java:276)
ERROR 14:44:23 [main] (com.ankamagames.tools.alea.converter_ToVideo.swf.AnimExporter:278) - 
java.lang.IllegalArgumentException: Flash version > 8 not supported!
	at com.jswiff.SWFDocument.setVersion(SWFDocument.java:266)
	at com.jswiff.listeners.SWFDocumentReader.processHeader(SWFDocumentReader.java:70)
	at com.jswiff.SWFReader.processHeader(SWFReader.java:169)
	at com.jswiff.SWFReader.read(SWFReader.java:112)
	at com.ankamagames.tools.alea.converter_ToVideo.swf.SWF.load(SWF.java:70)
	at com.ankamagames.tools.alea.converter_ToVideo.swf.AnimExporter.convert(AnimExporter.java:256)
	at com.ankamagames.tools.alea.converter_ToVideo.swf.AnimExporter.execute(AnimExporter.java:199)
	at com.ankamagames.tools.alea.converter_ToVideo.swf.AnimExporter.main(AnimExporter.java:276)
ERROR 14:44:28 [main] (com.ankamagames.tools.alea.converter_ToVideo.swf.AnimExporter:278) - 
java.lang.IllegalArgumentException: Flash version > 8 not supported!
	at com.jswiff.SWFDocument.setVersion(SWFDocument.java:266)
	at com.jswiff.listeners.SWFDocumentReader.processHeader(SWFDocumentReader.java:70)
	at com.jswiff.SWFReader.processHeader(SWFReader.java:169)
	at com.jswiff.SWFReader.read(SWFReader.java:112)
	at com.ankamagames.tools.alea.converter_ToVideo.swf.SWF.load(SWF.java:70)
	at com.ankamagames.tools.alea.converter_ToVideo.swf.AnimExporter.convert(AnimExporter.java:256)
	at com.ankamagames.tools.alea.converter_ToVideo.swf.AnimExporter.execute(AnimExporter.java:199)
	at com.ankamagames.tools.alea.converter_ToVideo.swf.AnimExporter.main(AnimExporter.java:276)
ERROR 14:55:42 [main] (com.ankamagames.tools.alea.converter_ToVideo.swf.AnimExporter:278) - 
java.lang.IllegalArgumentException: Flash version > 8 not supported!
	at com.jswiff.SWFDocument.setVersion(SWFDocument.java:266)
	at com.jswiff.listeners.SWFDocumentReader.processHeader(SWFDocumentReader.java:70)
	at com.jswiff.SWFReader.processHeader(SWFReader.java:169)
	at com.jswiff.SWFReader.read(SWFReader.java:112)
	at com.ankamagames.tools.alea.converter_ToVideo.swf.SWF.load(SWF.java:70)
	at com.ankamagames.tools.alea.converter_ToVideo.swf.AnimExporter.convert(AnimExporter.java:256)
	at com.ankamagames.tools.alea.converter_ToVideo.swf.AnimExporter.execute(AnimExporter.java:199)
	at com.ankamagames.tools.alea.converter_ToVideo.swf.AnimExporter.main(AnimExporter.java:276)
 INFO 14:56:03 [main] (com.ankamagames.tools.alea.converter_ToVideo.swf.AnimExporter:88) - ---- 154502552
ERROR 14:56:03 [main] (com.ankamagames.tools.alea.converter_ToVideo.swf.AnimExporter:278) - 
java.lang.IllegalArgumentException: Flash version > 8 not supported!
	at com.jswiff.SWFDocument.setVersion(SWFDocument.java:266)
	at com.jswiff.listeners.SWFDocumentReader.processHeader(SWFDocumentReader.java:70)
	at com.jswiff.SWFReader.processHeader(SWFReader.java:169)
	at com.jswiff.SWFReader.read(SWFReader.java:112)
	at com.ankamagames.tools.alea.converter_ToVideo.swf.SWF.load(SWF.java:70)
	at com.ankamagames.tools.alea.converter_ToVideo.swf.AnimExporter.convert(AnimExporter.java:256)
	at com.ankamagames.tools.alea.converter_ToVideo.swf.AnimExporter.execute(AnimExporter.java:199)
	at com.ankamagames.tools.alea.converter_ToVideo.swf.AnimExporter.main(AnimExporter.java:276)
ERROR 15:22:18 [main] (com.ankamagames.tools.alea.converter_ToVideo.swf.AnimExporter:278) - 
java.lang.IllegalArgumentException: Flash version > 8 not supported!
	at com.jswiff.SWFDocument.setVersion(SWFDocument.java:266)
	at com.jswiff.listeners.SWFDocumentReader.processHeader(SWFDocumentReader.java:70)
	at com.jswiff.SWFReader.processHeader(SWFReader.java:169)
	at com.jswiff.SWFReader.read(SWFReader.java:112)
	at com.ankamagames.tools.alea.converter_ToVideo.swf.SWF.load(SWF.java:70)
	at com.ankamagames.tools.alea.converter_ToVideo.swf.AnimExporter.convert(AnimExporter.java:256)
	at com.ankamagames.tools.alea.converter_ToVideo.swf.AnimExporter.execute(AnimExporter.java:199)
	at com.ankamagames.tools.alea.converter_ToVideo.swf.AnimExporter.main(AnimExporter.java:276)
 INFO 16:45:48 [main] (com.ankamagames.tools.alea.converter_ToVideo.swf.AnimExporter:88) - ---- 990159
 INFO 16:45:48 [main] (com.ankamagames.tools.alea.converter_ToVideo.swf.helper.Monitor:37) - Export des swf  1 fichiers en 324.8477 ms
 INFO 09:41:47 [main] (com.ankamagames.tools.alea.converter_ToVideo.swf.AnimExporter:88) - ---- AnimEmotesTransformations03
 INFO 09:41:47 [main] (com.ankamagames.tools.alea.converter_ToVideo.swf.helper.Monitor:37) - Export des swf  1 fichiers en 192.08195 ms
 INFO 09:45:47 [main] (com.ankamagames.tools.alea.converter_ToVideo.swf.AnimExporter:88) - ---- AnimEmotesTransformations03
 INFO 09:45:47 [main] (com.ankamagames.tools.alea.converter_ToVideo.swf.helper.Monitor:37) - Export des swf  1 fichiers en 95.84808 ms
 INFO 09:37:11 [main] (com.ankamagames.tools.alea.converter_ToVideo.swf.AnimExporter:88) - ---- 143604770
 INFO 09:37:11 [main] (com.ankamagames.tools.alea.converter_ToVideo.swf.helper.Monitor:37) - Export des swf  1 fichiers en 596.5369 ms
 INFO 17:25:12 [main] (com.ankamagames.tools.alea.converter_ToVideo.swf.AnimExporter:88) - ---- 143604770
 INFO 17:25:12 [main] (com.ankamagames.tools.alea.converter_ToVideo.swf.helper.Monitor:37) - Export des swf  1 fichiers en 351.24014 ms
 INFO 15:03:41 [main] (com.ankamagames.tools.alea.converter_ToVideo.swf.AnimExporter:88) - ---- 143604770
 INFO 15:03:42 [main] (com.ankamagames.tools.alea.converter_ToVideo.swf.helper.Monitor:37) - Export des swf  1 fichiers en 651.5529 ms
 INFO 15:01:05 [main] (com.ankamagames.tools.alea.converter_ToVideo.swf.AnimExporter:88) - ---- 20018
 INFO 15:01:05 [main] (com.ankamagames.tools.alea.converter_ToVideo.swf.helper.Monitor:37) - Export des swf  1 fichiers en 289.91742 ms
 INFO 14:43:11 [main] (com.ankamagames.tools.alea.converter_ToVideo.swf.AnimExporter:88) - ---- 20017
 INFO 14:43:11 [main] (com.ankamagames.tools.alea.converter_ToVideo.swf.helper.Monitor:37) - Export des swf  1 fichiers en 235.51573 ms
 INFO 15:10:58 [main] (com.ankamagames.tools.alea.converter_ToVideo.swf.AnimExporter:88) - ---- 143604795
 INFO 15:10:58 [main] (com.ankamagames.tools.alea.converter_ToVideo.swf.helper.Monitor:37) - Export des swf  1 fichiers en 305.077 ms
 INFO 14:14:26 [main] (com.ankamagames.tools.alea.converter_ToVideo.swf.AnimExporter:88) - ---- 143604796
 INFO 14:14:27 [main] (com.ankamagames.tools.alea.converter_ToVideo.swf.helper.Monitor:37) - Export des swf  1 fichiers en 352.4537 ms
 INFO 10:00:08 [main] (com.ankamagames.tools.alea.converter_ToVideo.swf.AnimExporter:88) - ---- 20018
 INFO 10:00:09 [main] (com.ankamagames.tools.alea.converter_ToVideo.swf.helper.Monitor:37) - Export des swf  1 fichiers en 348.12094 ms
ERROR 11:27:27 [main] (com.ankamagames.tools.alea.converter_ToVideo.swf.AnimExporter:278) - 
java.lang.IllegalArgumentException: Flash version > 8 not supported!
	at com.jswiff.SWFDocument.setVersion(SWFDocument.java:266)
	at com.jswiff.listeners.SWFDocumentReader.processHeader(SWFDocumentReader.java:70)
	at com.jswiff.SWFReader.processHeader(SWFReader.java:169)
	at com.jswiff.SWFReader.read(SWFReader.java:112)
	at com.ankamagames.tools.alea.converter_ToVideo.swf.SWF.load(SWF.java:70)
	at com.ankamagames.tools.alea.converter_ToVideo.swf.AnimExporter.convert(AnimExporter.java:256)
	at com.ankamagames.tools.alea.converter_ToVideo.swf.AnimExporter.execute(AnimExporter.java:199)
	at com.ankamagames.tools.alea.converter_ToVideo.swf.AnimExporter.main(AnimExporter.java:276)
ERROR 11:27:33 [main] (com.ankamagames.tools.alea.converter_ToVideo.swf.AnimExporter:278) - 
java.lang.IllegalArgumentException: Flash version > 8 not supported!
	at com.jswiff.SWFDocument.setVersion(SWFDocument.java:266)
	at com.jswiff.listeners.SWFDocumentReader.processHeader(SWFDocumentReader.java:70)
	at com.jswiff.SWFReader.processHeader(SWFReader.java:169)
	at com.jswiff.SWFReader.read(SWFReader.java:112)
	at com.ankamagames.tools.alea.converter_ToVideo.swf.SWF.load(SWF.java:70)
	at com.ankamagames.tools.alea.converter_ToVideo.swf.AnimExporter.convert(AnimExporter.java:256)
	at com.ankamagames.tools.alea.converter_ToVideo.swf.AnimExporter.execute(AnimExporter.java:199)
	at com.ankamagames.tools.alea.converter_ToVideo.swf.AnimExporter.main(AnimExporter.java:276)
 INFO 17:35:38 [main] (com.ankamagames.tools.alea.converter_ToVideo.swf.AnimExporter:88) - ---- 104804874
 INFO 17:35:38 [main] (com.ankamagames.tools.alea.converter_ToVideo.swf.AnimExporter:88) - ---- 104804875
 INFO 17:35:38 [main] (com.ankamagames.tools.alea.converter_ToVideo.swf.AnimExporter:88) - ---- 104804876
 INFO 17:35:38 [main] (com.ankamagames.tools.alea.converter_ToVideo.swf.helper.Monitor:37) - Export des swf  3 fichiers en 719.5688 ms
 INFO 16:05:16 [main] (com.ankamagames.tools.alea.converter_ToVideo.swf.AnimExporter:88) - ---- 197902018
 INFO 16:05:17 [main] (com.ankamagames.tools.alea.converter_ToVideo.swf.helper.Monitor:37) - Export des swf  1 fichiers en 608.2401 ms
 INFO 18:19:18 [main] (com.ankamagames.tools.alea.converter_ToVideo.swf.AnimExporter:88) - ---- 197902018
 INFO 18:19:18 [main] (com.ankamagames.tools.alea.converter_ToVideo.swf.helper.Monitor:37) - Export des swf  1 fichiers en 569.0604 ms
 WARN 10:22:59 [main] (com.ankamagames.tools.alea.converter_ToVideo.swf.SWF:115) - tag non pris en compte UnknownTag
 WARN 10:22:59 [main] (com.ankamagames.tools.alea.converter_ToVideo.swf.SWF:115) - tag non pris en compte FlashTypeSettings
 INFO 10:22:59 [main] (com.ankamagames.tools.alea.converter_ToVideo.swf.AnimExporter:88) - ---- 120201407
 WARN 10:23:00 [main] (com.ankamagames.tools.alea.converter_ToVideo.swf.SWF:115) - tag non pris en compte UnknownTag
 WARN 10:23:00 [main] (com.ankamagames.tools.alea.converter_ToVideo.swf.SWF:115) - tag non pris en compte FlashTypeSettings
 INFO 10:23:00 [main] (com.ankamagames.tools.alea.converter_ToVideo.swf.AnimExporter:88) - ---- 120201408
 WARN 10:23:00 [main] (com.ankamagames.tools.alea.converter_ToVideo.swf.SWF:115) - tag non pris en compte UnknownTag
 WARN 10:23:00 [main] (com.ankamagames.tools.alea.converter_ToVideo.swf.SWF:115) - tag non pris en compte FlashTypeSettings
 INFO 10:23:00 [main] (com.ankamagames.tools.alea.converter_ToVideo.swf.AnimExporter:88) - ---- 120201409
 INFO 10:23:01 [main] (com.ankamagames.tools.alea.converter_ToVideo.swf.helper.Monitor:37) - Export des swf  3 fichiers en 1778.248 ms
 INFO 20:56:44 [main] (com.ankamagames.tools.alea.converter_ToVideo.swf.AnimExporter:88) - ---- 122602272
 INFO 20:56:44 [main] (com.ankamagames.tools.alea.converter_ToVideo.swf.helper.Monitor:37) - Export des swf  1 fichiers en 545.42377 ms
 WARN 21:01:39 [main] (com.ankamagames.tools.alea.converter_ToVideo.swf.SWF:115) - tag non pris en compte UnknownTag
 WARN 21:01:39 [main] (com.ankamagames.tools.alea.converter_ToVideo.swf.SWF:115) - tag non pris en compte FlashTypeSettings
 INFO 21:01:39 [main] (com.ankamagames.tools.alea.converter_ToVideo.swf.AnimExporter:88) - ---- 122601240
 INFO 21:01:40 [main] (com.ankamagames.tools.alea.converter_ToVideo.swf.helper.Monitor:37) - Export des swf  1 fichiers en 578.1097 ms
 INFO 21:03:03 [main] (com.ankamagames.tools.alea.converter_ToVideo.swf.AnimExporter:88) - ---- 122601237
 INFO 21:03:04 [main] (com.ankamagames.tools.alea.converter_ToVideo.swf.helper.Monitor:37) - Export des swf  1 fichiers en 335.52795 ms
 INFO 21:05:03 [main] (com.ankamagames.tools.alea.converter_ToVideo.swf.AnimExporter:88) - ---- 122601239
 INFO 21:05:04 [main] (com.ankamagames.tools.alea.converter_ToVideo.swf.helper.Monitor:37) - Export des swf  1 fichiers en 599.8345 ms
 INFO 21:07:09 [main] (com.ankamagames.tools.alea.converter_ToVideo.swf.AnimExporter:88) - ---- 122601238
 INFO 21:07:10 [main] (com.ankamagames.tools.alea.converter_ToVideo.swf.helper.Monitor:37) - Export des swf  1 fichiers en 708.854 ms
 INFO 21:08:08 [main] (com.ankamagames.tools.alea.converter_ToVideo.swf.AnimExporter:88) - ---- 122604721
 INFO 21:08:08 [main] (com.ankamagames.tools.alea.converter_ToVideo.swf.helper.Monitor:37) - Export des swf  1 fichiers en 195.97774 ms
 INFO 12:18:34 [main] (com.ankamagames.tools.alea.converter_ToVideo.swf.AnimExporter:88) - ---- 135501688
 INFO 12:18:34 [main] (com.ankamagames.tools.alea.converter_ToVideo.swf.helper.Monitor:37) - Export des swf  1 fichiers en 442.9104 ms
 INFO 12:18:53 [main] (com.ankamagames.tools.alea.converter_ToVideo.swf.AnimExporter:88) - ---- 135501686
 INFO 12:18:53 [main] (com.ankamagames.tools.alea.converter_ToVideo.swf.AnimExporter:88) - ---- 135501688
 INFO 12:18:53 [main] (com.ankamagames.tools.alea.converter_ToVideo.swf.helper.Monitor:37) - Export des swf  2 fichiers en 826.4733 ms
 INFO 12:22:18 [main] (com.ankamagames.tools.alea.converter_ToVideo.swf.AnimExporter:88) - ---- 155
 INFO 12:22:18 [main] (com.ankamagames.tools.alea.converter_ToVideo.swf.helper.Monitor:37) - Export des swf  1 fichiers en 215.53722 ms
 INFO 15:30:58 [main] (com.ankamagames.tools.alea.converter_ToVideo.swf.AnimExporter:88) - ---- 117903819
 INFO 15:30:58 [main] (com.ankamagames.tools.alea.converter_ToVideo.swf.helper.Monitor:37) - Export des swf  1 fichiers en 212.2083 ms
 WARN 10:08:38 [main] (com.ankamagames.tools.alea.converter_ToVideo.swf.SWF:115) - tag non pris en compte JPEGTables
 INFO 10:08:38 [main] (com.ankamagames.tools.alea.converter_ToVideo.swf.AnimExporter:88) - ---- 154
 INFO 10:08:38 [main] (com.ankamagames.tools.alea.converter_ToVideo.swf.helper.Monitor:37) - Export des swf  1 fichiers en 188.96893 ms
 INFO 16:38:18 [main] (com.ankamagames.tools.alea.converter_ToVideo.swf.AnimExporter:88) - ---- 185504165
 INFO 16:38:18 [main] (com.ankamagames.tools.alea.converter_ToVideo.swf.helper.Monitor:37) - Export des swf  1 fichiers en 370.55737 ms
 INFO 15:11:29 [main] (com.ankamagames.tools.alea.converter_ToVideo.swf.AnimExporter:88) - ---- 195604776
 INFO 15:11:29 [main] (com.ankamagames.tools.alea.converter_ToVideo.swf.AnimExporter:88) - ---- 195604777
 INFO 15:11:30 [main] (com.ankamagames.tools.alea.converter_ToVideo.swf.AnimExporter:88) - ---- 195604778
 INFO 15:11:30 [main] (com.ankamagames.tools.alea.converter_ToVideo.swf.AnimExporter:88) - ---- 195604779
 INFO 15:11:30 [main] (com.ankamagames.tools.alea.converter_ToVideo.swf.AnimExporter:88) - ---- 195604780
 INFO 15:11:32 [main] (com.ankamagames.tools.alea.converter_ToVideo.swf.helper.Monitor:37) - Export des swf  5 fichiers en 3385.2307 ms
 INFO 14:51:51 [main] (com.ankamagames.tools.alea.converter_ToVideo.swf.AnimExporter:88) - ---- 20021
 INFO 14:51:51 [main] (com.ankamagames.tools.alea.converter_ToVideo.swf.helper.Monitor:37) - Export des swf  1 fichiers en 249.68248 ms
ERROR 17:36:36 [main] (com.ankamagames.tools.alea.converter_ToVideo.swf.AnimExporter:278) - 
 le fichier G:\Wakfu\WORK\Tool\SWF\SuperAnimExporter\skin_wakfu\160.swf n'existe pas
	at com.ankamagames.tools.alea.converter_ToVideo.swf.AnimExporter.checkLinker(AnimExporter.java:70)
	at com.ankamagames.tools.alea.converter_ToVideo.swf.AnimExporter.fromConfig(AnimExporter.java:63)
	at com.ankamagames.tools.alea.converter_ToVideo.swf.AnimExporter.main(AnimExporter.java:275)
ERROR 17:36:49 [main] (com.ankamagames.tools.alea.converter_ToVideo.swf.AnimExporter:278) - 
 le fichier G:\Wakfu\WORK\Tool\SWF\SuperAnimExporter\skin_wakfu\160.swf n'existe pas
	at com.ankamagames.tools.alea.converter_ToVideo.swf.AnimExporter.checkLinker(AnimExporter.java:70)
	at com.ankamagames.tools.alea.converter_ToVideo.swf.AnimExporter.fromConfig(AnimExporter.java:63)
	at com.ankamagames.tools.alea.converter_ToVideo.swf.AnimExporter.main(AnimExporter.java:275)
ERROR 17:38:43 [main] (com.ankamagames.tools.alea.converter_ToVideo.swf.AnimExporter:278) - 
 le fichier G:\Wakfu\WORK\Tool\SWF\SuperAnimExporter\skin_wakfu\160.swf n'existe pas
	at com.ankamagames.tools.alea.converter_ToVideo.swf.AnimExporter.checkLinker(AnimExporter.java:70)
	at com.ankamagames.tools.alea.converter_ToVideo.swf.AnimExporter.fromConfig(AnimExporter.java:63)
	at com.ankamagames.tools.alea.converter_ToVideo.swf.AnimExporter.main(AnimExporter.java:275)
ERROR 17:38:59 [main] (com.ankamagames.tools.alea.converter_ToVideo.swf.AnimExporter:278) - 
 le fichier G:\Wakfu\WORK\Tool\SWF\SuperAnimExporter\skin_wakfu\160.swf n'existe pas
	at com.ankamagames.tools.alea.converter_ToVideo.swf.AnimExporter.checkLinker(AnimExporter.java:70)
	at com.ankamagames.tools.alea.converter_ToVideo.swf.AnimExporter.fromConfig(AnimExporter.java:63)
	at com.ankamagames.tools.alea.converter_ToVideo.swf.AnimExporter.main(AnimExporter.java:275)
ERROR 17:39:11 [main] (com.ankamagames.tools.alea.converter_ToVideo.swf.AnimExporter:278) - 
 le fichier G:\Wakfu\WORK\Tool\SWF\SuperAnimExporter\skin_wakfu\160.swf n'existe pas
	at com.ankamagames.tools.alea.converter_ToVideo.swf.AnimExporter.checkLinker(AnimExporter.java:70)
	at com.ankamagames.tools.alea.converter_ToVideo.swf.AnimExporter.fromConfig(AnimExporter.java:63)
	at com.ankamagames.tools.alea.converter_ToVideo.swf.AnimExporter.main(AnimExporter.java:275)
 INFO 17:41:25 [main] (com.ankamagames.tools.alea.converter_ToVideo.swf.AnimExporter:88) - ---- 20022
 INFO 17:41:25 [main] (com.ankamagames.tools.alea.converter_ToVideo.swf.helper.Monitor:37) - Export des swf  1 fichiers en 118.16182 ms
 INFO 16:43:49 [main] (com.ankamagames.tools.alea.converter_ToVideo.swf.AnimExporter:88) - ---- AnimCourseMarket06
 INFO 16:43:49 [main] (com.ankamagames.tools.alea.converter_ToVideo.swf.helper.Monitor:37) - Export des swf  1 fichiers en 405.33713 ms
 INFO 16:55:53 [main] (com.ankamagames.tools.alea.converter_ToVideo.swf.AnimExporter:88) - ---- AnimCourseMarket06
 INFO 16:55:53 [main] (com.ankamagames.tools.alea.converter_ToVideo.swf.helper.Monitor:37) - Export des swf  1 fichiers en 135.15514 ms
 WARN 09:35:54 [main] (com.ankamagames.tools.alea.converter_ToVideo.swf.SWF:115) - tag non pris en compte SoundStreamHead2
 INFO 09:35:54 [main] (com.ankamagames.tools.alea.converter_ToVideo.swf.AnimExporter:88) - ---- musics
 INFO 09:35:54 [main] (com.ankamagames.tools.alea.converter_ToVideo.swf.helper.Monitor:37) - Export des swf  1 fichiers en 232.83067 ms
 INFO 14:24:59 [main] (com.ankamagames.tools.alea.converter_ToVideo.swf.AnimExporter:88) - ---- AnimEmotesMusiqueFanfon
 INFO 14:24:59 [main] (com.ankamagames.tools.alea.converter_ToVideo.swf.helper.Monitor:37) - Export des swf  1 fichiers en 855.8476 ms
 INFO 14:29:58 [main] (com.ankamagames.tools.alea.converter_ToVideo.swf.AnimExporter:88) - ---- AnimEmotesMusiqueFanfon
 INFO 14:29:59 [main] (com.ankamagames.tools.alea.converter_ToVideo.swf.helper.Monitor:37) - Export des swf  1 fichiers en 553.5437 ms
 INFO 15:57:11 [main] (com.ankamagames.tools.alea.converter_ToVideo.swf.AnimExporter:88) - ---- 1103005041
 INFO 15:57:12 [main] (com.ankamagames.tools.alea.converter_ToVideo.swf.helper.Monitor:37) - Export des swf  1 fichiers en 376.06866 ms
 INFO 09:11:38 [main] (com.ankamagames.tools.alea.converter_ToVideo.swf.AnimExporter:88) - ---- 1103005041
 WARN 09:11:39 [main] (com.ankamagames.tools.alea.converter_ToVideo.swf.SWF:115) - tag non pris en compte UnknownTag
 WARN 09:11:39 [main] (com.ankamagames.tools.alea.converter_ToVideo.swf.SWF:115) - tag non pris en compte FlashTypeSettings
 INFO 09:11:39 [main] (com.ankamagames.tools.alea.converter_ToVideo.swf.AnimExporter:88) - ---- 1103005042
 WARN 09:11:39 [main] (com.ankamagames.tools.alea.converter_ToVideo.swf.SWF:115) - tag non pris en compte UnknownTag
 WARN 09:11:39 [main] (com.ankamagames.tools.alea.converter_ToVideo.swf.SWF:115) - tag non pris en compte FlashTypeSettings
 INFO 09:11:39 [main] (com.ankamagames.tools.alea.converter_ToVideo.swf.AnimExporter:88) - ---- 1103005043
 WARN 09:11:39 [main] (com.ankamagames.tools.alea.converter_ToVideo.swf.SWF:115) - tag non pris en compte UnknownTag
 WARN 09:11:39 [main] (com.ankamagames.tools.alea.converter_ToVideo.swf.SWF:115) - tag non pris en compte FlashTypeSettings
 INFO 09:11:39 [main] (com.ankamagames.tools.alea.converter_ToVideo.swf.AnimExporter:88) - ---- 1103005044
 WARN 09:11:40 [main] (com.ankamagames.tools.alea.converter_ToVideo.swf.SWF:115) - tag non pris en compte UnknownTag
 WARN 09:11:40 [main] (com.ankamagames.tools.alea.converter_ToVideo.swf.SWF:115) - tag non pris en compte FlashTypeSettings
 INFO 09:11:40 [main] (com.ankamagames.tools.alea.converter_ToVideo.swf.AnimExporter:88) - ---- 1103005045
 WARN 09:11:40 [main] (com.ankamagames.tools.alea.converter_ToVideo.swf.SWF:115) - tag non pris en compte UnknownTag
 WARN 09:11:40 [main] (com.ankamagames.tools.alea.converter_ToVideo.swf.SWF:115) - tag non pris en compte FlashTypeSettings
 INFO 09:11:40 [main] (com.ankamagames.tools.alea.converter_ToVideo.swf.AnimExporter:88) - ---- 1103005046
 INFO 09:11:40 [main] (com.ankamagames.tools.alea.converter_ToVideo.swf.helper.Monitor:37) - Export des swf  6 fichiers en 2169.5273 ms
 WARN 15:32:24 [main] (com.ankamagames.tools.alea.converter_ToVideo.swf.SWF:115) - tag non pris en compte UnknownTag
 WARN 15:32:24 [main] (com.ankamagames.tools.alea.converter_ToVideo.swf.SWF:115) - tag non pris en compte FlashTypeSettings
 INFO 15:32:24 [main] (com.ankamagames.tools.alea.converter_ToVideo.swf.AnimExporter:88) - ---- 1103005046
 INFO 15:32:25 [main] (com.ankamagames.tools.alea.converter_ToVideo.swf.helper.Monitor:37) - Export des swf  1 fichiers en 432.1975 ms
 INFO 10:44:42 [main] (com.ankamagames.tools.alea.converter_ToVideo.swf.AnimExporter:88) - ---- 1103005041
 INFO 10:44:42 [main] (com.ankamagames.tools.alea.converter_ToVideo.swf.helper.Monitor:37) - Export des swf  1 fichiers en 373.81363 ms
 INFO 08:50:27 [main] (com.ankamagames.tools.alea.converter_ToVideo.swf.AnimExporter:88) - ---- 1102905035
 INFO 08:50:27 [main] (com.ankamagames.tools.alea.converter_ToVideo.swf.AnimExporter:88) - ---- 1102905036
 INFO 08:50:27 [main] (com.ankamagames.tools.alea.converter_ToVideo.swf.AnimExporter:88) - ---- 1102905037
 INFO 08:50:28 [main] (com.ankamagames.tools.alea.converter_ToVideo.swf.AnimExporter:88) - ---- 1102905038
 INFO 08:50:28 [main] (com.ankamagames.tools.alea.converter_ToVideo.swf.AnimExporter:88) - ---- 1102905039
 WARN 08:50:28 [main] (com.ankamagames.tools.alea.converter_ToVideo.swf.SWF:115) - tag non pris en compte DoAction
 INFO 08:50:28 [main] (com.ankamagames.tools.alea.converter_ToVideo.swf.AnimExporter:88) - ---- 1102905040
 INFO 08:50:28 [main] (com.ankamagames.tools.alea.converter_ToVideo.swf.helper.Monitor:37) - Export des swf  6 fichiers en 1939.2427 ms
 INFO 16:37:28 [main] (com.ankamagames.tools.alea.converter_ToVideo.swf.AnimExporter:88) - ---- 1103205053
 INFO 16:37:28 [main] (com.ankamagames.tools.alea.converter_ToVideo.swf.AnimExporter:88) - ---- 1103205054
 INFO 16:37:29 [main] (com.ankamagames.tools.alea.converter_ToVideo.swf.AnimExporter:88) - ---- 1103205055
 INFO 16:37:29 [main] (com.ankamagames.tools.alea.converter_ToVideo.swf.AnimExporter:88) - ---- 1103205056
 INFO 16:37:29 [main] (com.ankamagames.tools.alea.converter_ToVideo.swf.AnimExporter:88) - ---- 1103205057
 INFO 16:37:29 [main] (com.ankamagames.tools.alea.converter_ToVideo.swf.AnimExporter:88) - ---- 1103205058
 INFO 16:37:29 [main] (com.ankamagames.tools.alea.converter_ToVideo.swf.AnimExporter:88) - ---- 1103205059
 INFO 16:37:30 [main] (com.ankamagames.tools.alea.converter_ToVideo.swf.helper.Monitor:37) - Export des swf  7 fichiers en 2209.5237 ms
 INFO 10:00:04 [main] (com.ankamagames.tools.alea.converter_ToVideo.swf.AnimExporter:88) - ---- 1103105047
 INFO 10:00:04 [main] (com.ankamagames.tools.alea.converter_ToVideo.swf.AnimExporter:88) - ---- 1103105048
 INFO 10:00:04 [main] (com.ankamagames.tools.alea.converter_ToVideo.swf.AnimExporter:88) - ---- 1103105049
 INFO 10:00:04 [main] (com.ankamagames.tools.alea.converter_ToVideo.swf.AnimExporter:88) - ---- 1103105050
 INFO 10:00:05 [main] (com.ankamagames.tools.alea.converter_ToVideo.swf.AnimExporter:88) - ---- 1103105051
 INFO 10:00:05 [main] (com.ankamagames.tools.alea.converter_ToVideo.swf.AnimExporter:88) - ---- 1103105052
 INFO 10:00:05 [main] (com.ankamagames.tools.alea.converter_ToVideo.swf.helper.Monitor:37) - Export des swf  6 fichiers en 2021.3406 ms
 INFO 11:32:14 [main] (com.ankamagames.tools.alea.converter_ToVideo.swf.AnimExporter:88) - ---- 1103005041
 INFO 11:32:15 [main] (com.ankamagames.tools.alea.converter_ToVideo.swf.helper.Monitor:37) - Export des swf  1 fichiers en 896.3761 ms
 INFO 15:47:30 [main] (com.ankamagames.tools.alea.converter_ToVideo.swf.AnimExporter:88) - ---- AnimEmotesTransformations04
 INFO 15:47:30 [main] (com.ankamagames.tools.alea.converter_ToVideo.swf.helper.Monitor:37) - Export des swf  1 fichiers en 181.76666 ms
 INFO 09:39:31 [main] (com.ankamagames.tools.alea.converter_ToVideo.swf.AnimExporter:88) - ---- 117905084
 INFO 09:39:31 [main] (com.ankamagames.tools.alea.converter_ToVideo.swf.helper.Monitor:37) - Export des swf  1 fichiers en 350.92142 ms
 INFO 10:22:01 [main] (com.ankamagames.tools.alea.converter_ToVideo.swf.AnimExporter:88) - ---- 1300093
 INFO 10:22:01 [main] (com.ankamagames.tools.alea.converter_ToVideo.swf.helper.Monitor:37) - Export des swf  1 fichiers en 171.6166 ms
 INFO 10:38:52 [main] (com.ankamagames.tools.alea.converter_ToVideo.swf.AnimExporter:88) - ---- 1300094
 INFO 10:38:52 [main] (com.ankamagames.tools.alea.converter_ToVideo.swf.AnimExporter:88) - ---- 1300095
 INFO 10:38:53 [main] (com.ankamagames.tools.alea.converter_ToVideo.swf.AnimExporter:88) - ---- 1300096
 INFO 10:38:53 [main] (com.ankamagames.tools.alea.converter_ToVideo.swf.helper.Monitor:37) - Export des swf  3 fichiers en 794.91113 ms
 INFO 11:56:59 [main] (com.ankamagames.tools.alea.converter_ToVideo.swf.AnimExporter:88) - ---- 1103305099
 INFO 11:56:59 [main] (com.ankamagames.tools.alea.converter_ToVideo.swf.helper.Monitor:37) - Export des swf  1 fichiers en 308.1122 ms
 INFO 15:02:30 [main] (com.ankamagames.tools.alea.converter_ToVideo.swf.AnimExporter:88) - ---- 1103305101
 INFO 15:02:31 [main] (com.ankamagames.tools.alea.converter_ToVideo.swf.helper.Monitor:37) - Export des swf  1 fichiers en 456.8249 ms
 INFO 09:54:00 [main] (com.ankamagames.tools.alea.converter_ToVideo.swf.AnimExporter:88) - ---- AnimSort_80
 INFO 09:54:00 [main] (com.ankamagames.tools.alea.converter_ToVideo.swf.helper.Monitor:37) - Export des swf  1 fichiers en 151.9381 ms
 INFO 10:13:10 [main] (com.ankamagames.tools.alea.converter_ToVideo.swf.AnimExporter:88) - ---- AnimCourseMarket12
 INFO 10:13:10 [main] (com.ankamagames.tools.alea.converter_ToVideo.swf.helper.Monitor:37) - Export des swf  1 fichiers en 188.47308 ms
 INFO 15:32:46 [main] (com.ankamagames.tools.alea.converter_ToVideo.swf.AnimExporter:88) - ---- AnimCourseMarket13
 INFO 15:32:46 [main] (com.ankamagames.tools.alea.converter_ToVideo.swf.helper.Monitor:37) - Export des swf  1 fichiers en 192.33653 ms
 INFO 10:12:33 [main] (com.ankamagames.tools.alea.converter_ToVideo.swf.AnimExporter:88) - ---- AnimEmotesMarket13
 INFO 10:12:33 [main] (com.ankamagames.tools.alea.converter_ToVideo.swf.helper.Monitor:37) - Export des swf  1 fichiers en 254.18336 ms
 INFO 08:55:46 [main] (com.ankamagames.tools.alea.converter_ToVideo.swf.AnimExporter:88) - ---- 20023
 INFO 08:55:46 [main] (com.ankamagames.tools.alea.converter_ToVideo.swf.helper.Monitor:37) - Export des swf  1 fichiers en 148.36072 ms
 INFO 09:23:53 [main] (com.ankamagames.tools.alea.converter_ToVideo.swf.AnimExporter:88) - ---- 1104005134
 INFO 09:23:54 [main] (com.ankamagames.tools.alea.converter_ToVideo.swf.AnimExporter:88) - ---- 1104005135
 INFO 09:23:54 [main] (com.ankamagames.tools.alea.converter_ToVideo.swf.AnimExporter:88) - ---- 1104005136
 INFO 09:23:54 [main] (com.ankamagames.tools.alea.converter_ToVideo.swf.AnimExporter:88) - ---- 1104005137
 INFO 09:23:54 [main] (com.ankamagames.tools.alea.converter_ToVideo.swf.AnimExporter:88) - ---- 1104005138
 INFO 09:23:54 [main] (com.ankamagames.tools.alea.converter_ToVideo.swf.AnimExporter:88) - ---- 1104005139
 INFO 09:23:55 [main] (com.ankamagames.tools.alea.converter_ToVideo.swf.helper.Monitor:37) - Export des swf  6 fichiers en 2072.6782 ms
 INFO 11:55:34 [main] (com.ankamagames.tools.alea.converter_ToVideo.swf.AnimExporter:88) - ---- 1104005134
 INFO 11:55:34 [main] (com.ankamagames.tools.alea.converter_ToVideo.swf.helper.Monitor:37) - Export des swf  1 fichiers en 273.4881 ms
 INFO 10:53:25 [main] (com.ankamagames.tools.alea.converter_ToVideo.swf.AnimExporter:88) - ---- 1103805104
 INFO 10:53:25 [main] (com.ankamagames.tools.alea.converter_ToVideo.swf.AnimExporter:88) - ---- 1103805105
 INFO 10:53:26 [main] (com.ankamagames.tools.alea.converter_ToVideo.swf.AnimExporter:88) - ---- 1103805106
 INFO 10:53:26 [main] (com.ankamagames.tools.alea.converter_ToVideo.swf.AnimExporter:88) - ---- 1103805107
 INFO 10:53:26 [main] (com.ankamagames.tools.alea.converter_ToVideo.swf.AnimExporter:88) - ---- 1103805108
 INFO 10:53:26 [main] (com.ankamagames.tools.alea.converter_ToVideo.swf.AnimExporter:88) - ---- 1103805109
 INFO 10:53:27 [main] (com.ankamagames.tools.alea.converter_ToVideo.swf.helper.Monitor:37) - Export des swf  6 fichiers en 2085.3528 ms
 INFO 12:16:12 [main] (com.ankamagames.tools.alea.converter_ToVideo.swf.AnimExporter:88) - ---- 1103905128
 INFO 12:16:12 [main] (com.ankamagames.tools.alea.converter_ToVideo.swf.AnimExporter:88) - ---- 1103905129
 INFO 12:16:13 [main] (com.ankamagames.tools.alea.converter_ToVideo.swf.AnimExporter:88) - ---- 1103905130
 INFO 12:16:13 [main] (com.ankamagames.tools.alea.converter_ToVideo.swf.AnimExporter:88) - ---- 1103905131
 INFO 12:16:13 [main] (com.ankamagames.tools.alea.converter_ToVideo.swf.AnimExporter:88) - ---- 1103905132
 INFO 12:16:13 [main] (com.ankamagames.tools.alea.converter_ToVideo.swf.AnimExporter:88) - ---- 1103905133
 INFO 12:16:13 [main] (com.ankamagames.tools.alea.converter_ToVideo.swf.helper.Monitor:37) - Export des swf  6 fichiers en 1443.1326 ms
 INFO 17:24:52 [main] (com.ankamagames.tools.alea.converter_ToVideo.swf.AnimExporter:88) - ---- AnimEmotesMarket14
 INFO 17:24:52 [main] (com.ankamagames.tools.alea.converter_ToVideo.swf.helper.Monitor:37) - Export des swf  1 fichiers en 399.267 ms
 INFO 17:27:24 [main] (com.ankamagames.tools.alea.converter_ToVideo.swf.AnimExporter:88) - ---- AnimEmotesMarket14
 INFO 17:27:24 [main] (com.ankamagames.tools.alea.converter_ToVideo.swf.helper.Monitor:37) - Export des swf  1 fichiers en 271.3079 ms
 INFO 17:12:06 [main] (com.ankamagames.tools.alea.converter_ToVideo.swf.AnimExporter:88) - ---- AnimEmotesCible03
 INFO 17:12:06 [main] (com.ankamagames.tools.alea.converter_ToVideo.swf.helper.Monitor:37) - Export des swf  1 fichiers en 118.0156 ms
 INFO 18:56:24 [main] (com.ankamagames.tools.alea.converter_ToVideo.swf.AnimExporter:88) - ---- AnimEmotesMarket15
 INFO 18:56:24 [main] (com.ankamagames.tools.alea.converter_ToVideo.swf.helper.Monitor:37) - Export des swf  1 fichiers en 246.096 ms
 INFO 17:14:35 [main] (com.ankamagames.tools.alea.converter_ToVideo.swf.AnimExporter:88) - ---- AnimCourseMarket14
 INFO 17:14:35 [main] (com.ankamagames.tools.alea.converter_ToVideo.swf.helper.Monitor:37) - Export des swf  1 fichiers en 89.7024 ms
 INFO 19:36:11 [main] (com.ankamagames.tools.alea.converter_ToVideo.swf.AnimExporter:88) - ---- 1300097
 INFO 19:36:11 [main] (com.ankamagames.tools.alea.converter_ToVideo.swf.AnimExporter:88) - ---- 1300098
 INFO 19:36:11 [main] (com.ankamagames.tools.alea.converter_ToVideo.swf.AnimExporter:88) - ---- 1300099
 INFO 19:36:12 [main] (com.ankamagames.tools.alea.converter_ToVideo.swf.helper.Monitor:37) - Export des swf  3 fichiers en 1447.255 ms
 INFO 14:40:19 [main] (com.ankamagames.tools.alea.converter_ToVideo.swf.AnimExporter:88) - ---- AnimCourseMarket07
 INFO 14:40:19 [main] (com.ankamagames.tools.alea.converter_ToVideo.swf.helper.Monitor:37) - Export des swf  1 fichiers en 123.028305 ms
 INFO 15:16:29 [main] (com.ankamagames.tools.alea.converter_ToVideo.swf.AnimExporter:88) - ---- AnimEmotesCible03
 INFO 15:16:29 [main] (com.ankamagames.tools.alea.converter_ToVideo.swf.helper.Monitor:37) - Export des swf  1 fichiers en 99.5002 ms
 INFO 15:28:09 [main] (com.ankamagames.tools.alea.converter_ToVideo.swf.AnimExporter:88) - ---- AnimEmotesCible03
 INFO 15:28:09 [main] (com.ankamagames.tools.alea.converter_ToVideo.swf.helper.Monitor:37) - Export des swf  1 fichiers en 60.5548 ms
 INFO 17:11:30 [main] (com.ankamagames.tools.alea.converter_ToVideo.swf.AnimExporter:88) - ---- AnimEmotesMarket16
 INFO 17:11:30 [main] (com.ankamagames.tools.alea.converter_ToVideo.swf.helper.Monitor:37) - Export des swf  1 fichiers en 112.7815 ms
 INFO 17:14:41 [main] (com.ankamagames.tools.alea.converter_ToVideo.swf.AnimExporter:88) - ---- AnimEmotesMarket16
 INFO 17:14:41 [main] (com.ankamagames.tools.alea.converter_ToVideo.swf.helper.Monitor:37) - Export des swf  1 fichiers en 102.9992 ms
 INFO 10:48:08 [main] (com.ankamagames.tools.alea.converter_ToVideo.swf.AnimExporter:88) - ---- AnimCourseMarket15
 INFO 10:48:08 [main] (com.ankamagames.tools.alea.converter_ToVideo.swf.helper.Monitor:37) - Export des swf  1 fichiers en 185.4594 ms
 INFO 13:48:07 [main] (com.ankamagames.tools.alea.converter_ToVideo.swf.AnimExporter:88) - ---- AnimCourseMarket16
 INFO 13:48:07 [main] (com.ankamagames.tools.alea.converter_ToVideo.swf.helper.Monitor:37) - Export des swf  1 fichiers en 31.8819 ms
 INFO 13:48:39 [main] (com.ankamagames.tools.alea.converter_ToVideo.swf.AnimExporter:88) - ---- AnimCourseMarket16
 INFO 13:48:39 [main] (com.ankamagames.tools.alea.converter_ToVideo.swf.helper.Monitor:37) - Export des swf  1 fichiers en 11.12 ms
 INFO 14:18:39 [main] (com.ankamagames.tools.alea.converter_ToVideo.swf.AnimExporter:88) - ---- AnimCourseMarket16
 INFO 14:18:39 [main] (com.ankamagames.tools.alea.converter_ToVideo.swf.helper.Monitor:37) - Export des swf  1 fichiers en 86.158 ms
 INFO 17:18:15 [main] (com.ankamagames.tools.alea.converter_ToVideo.swf.AnimExporter:88) - ---- 1104005134
 INFO 17:18:15 [main] (com.ankamagames.tools.alea.converter_ToVideo.swf.helper.Monitor:37) - Export des swf  1 fichiers en 102.607 ms
 INFO 11:09:31 [main] (com.ankamagames.tools.alea.converter_ToVideo.swf.AnimExporter:88) - ---- AnimSort_160Feu
 INFO 11:09:31 [main] (com.ankamagames.tools.alea.converter_ToVideo.swf.AnimExporter:88) - ---- AnimSort_160Stasis
 INFO 11:09:31 [main] (com.ankamagames.tools.alea.converter_ToVideo.swf.AnimExporter:88) - ---- AnimSort_160Terre
 INFO 11:09:31 [main] (com.ankamagames.tools.alea.converter_ToVideo.swf.helper.Monitor:37) - Export des swf  3 fichiers en 7317.739 ms
 INFO 09:13:45 [main] (com.ankamagames.tools.alea.converter_ToVideo.swf.AnimExporter:88) - ---- 1106105180
 INFO 09:13:45 [main] (com.ankamagames.tools.alea.converter_ToVideo.swf.AnimExporter:88) - ---- 1106105181
 INFO 09:13:45 [main] (com.ankamagames.tools.alea.converter_ToVideo.swf.AnimExporter:88) - ---- 1106105182
 INFO 09:13:45 [main] (com.ankamagames.tools.alea.converter_ToVideo.swf.AnimExporter:88) - ---- 1106105183
 INFO 09:13:46 [main] (com.ankamagames.tools.alea.converter_ToVideo.swf.AnimExporter:88) - ---- 1106105184
 INFO 09:13:46 [main] (com.ankamagames.tools.alea.converter_ToVideo.swf.helper.Monitor:37) - Export des swf  5 fichiers en 1564.0675 ms
 INFO 10:13:45 [main] (com.ankamagames.tools.alea.converter_ToVideo.swf.AnimExporter:88) - ---- 1106105179
 INFO 10:13:45 [main] (com.ankamagames.tools.alea.converter_ToVideo.swf.helper.Monitor:37) - Export des swf  1 fichiers en 148.6021 ms
 INFO 15:17:07 [main] (com.ankamagames.tools.alea.converter_ToVideo.swf.AnimExporter:88) - ---- 1106105179
 INFO 15:17:07 [main] (com.ankamagames.tools.alea.converter_ToVideo.swf.AnimExporter:88) - ---- 1106105180
 INFO 15:17:07 [main] (com.ankamagames.tools.alea.converter_ToVideo.swf.AnimExporter:88) - ---- 1106105181
 INFO 15:17:08 [main] (com.ankamagames.tools.alea.converter_ToVideo.swf.AnimExporter:88) - ---- 1106105182
 INFO 15:17:08 [main] (com.ankamagames.tools.alea.converter_ToVideo.swf.AnimExporter:88) - ---- 1106105183
 INFO 15:17:08 [main] (com.ankamagames.tools.alea.converter_ToVideo.swf.AnimExporter:88) - ---- 1106105184
 INFO 15:17:08 [main] (com.ankamagames.tools.alea.converter_ToVideo.swf.helper.Monitor:37) - Export des swf  6 fichiers en 931.7416 ms
 INFO 16:07:29 [main] (com.ankamagames.tools.alea.converter_ToVideo.swf.AnimExporter:88) - ---- 1106005173
 INFO 16:07:29 [main] (com.ankamagames.tools.alea.converter_ToVideo.swf.AnimExporter:88) - ---- 1106005174
 INFO 16:07:29 [main] (com.ankamagames.tools.alea.converter_ToVideo.swf.AnimExporter:88) - ---- 1106005175
 INFO 16:07:29 [main] (com.ankamagames.tools.alea.converter_ToVideo.swf.AnimExporter:88) - ---- 1106005176
 INFO 16:07:30 [main] (com.ankamagames.tools.alea.converter_ToVideo.swf.AnimExporter:88) - ---- 1106005177
 INFO 16:07:30 [main] (com.ankamagames.tools.alea.converter_ToVideo.swf.AnimExporter:88) - ---- 1106005178
 INFO 16:07:30 [main] (com.ankamagames.tools.alea.converter_ToVideo.swf.helper.Monitor:37) - Export des swf  6 fichiers en 952.5229 ms
 INFO 17:47:26 [main] (com.ankamagames.tools.alea.converter_ToVideo.swf.AnimExporter:88) - ---- 1106005174
 INFO 17:47:27 [main] (com.ankamagames.tools.alea.converter_ToVideo.swf.helper.Monitor:37) - Export des swf  1 fichiers en 218.3724 ms
 INFO 11:01:36 [main] (com.ankamagames.tools.alea.converter_ToVideo.swf.AnimExporter:88) - ---- 1106205185
 INFO 11:01:36 [main] (com.ankamagames.tools.alea.converter_ToVideo.swf.AnimExporter:88) - ---- 1106205186
 INFO 11:01:36 [main] (com.ankamagames.tools.alea.converter_ToVideo.swf.AnimExporter:88) - ---- 1106205187
 INFO 11:01:36 [main] (com.ankamagames.tools.alea.converter_ToVideo.swf.AnimExporter:88) - ---- 1106205188
 INFO 11:01:37 [main] (com.ankamagames.tools.alea.converter_ToVideo.swf.helper.Monitor:37) - Export des swf  4 fichiers en 998.4508 ms
 INFO 12:04:32 [main] (com.ankamagames.tools.alea.converter_ToVideo.swf.AnimExporter:88) - ---- 1105905167
 INFO 12:04:33 [main] (com.ankamagames.tools.alea.converter_ToVideo.swf.AnimExporter:88) - ---- 1105905168
 INFO 12:04:33 [main] (com.ankamagames.tools.alea.converter_ToVideo.swf.AnimExporter:88) - ---- 1105905169
 INFO 12:04:33 [main] (com.ankamagames.tools.alea.converter_ToVideo.swf.AnimExporter:88) - ---- 1105905170
 INFO 12:04:33 [main] (com.ankamagames.tools.alea.converter_ToVideo.swf.helper.Monitor:37) - Export des swf  4 fichiers en 787.8817 ms
 INFO 15:08:52 [main] (com.ankamagames.tools.alea.converter_ToVideo.swf.AnimExporter:88) - ---- AnimEmotesMarket18
 INFO 15:08:52 [main] (com.ankamagames.tools.alea.converter_ToVideo.swf.helper.Monitor:37) - Export des swf  1 fichiers en 303.03412 ms
 INFO 18:01:31 [main] (com.ankamagames.tools.alea.converter_ToVideo.swf.AnimExporter:88) - ---- AnimEmotesMarket17
 INFO 18:01:32 [main] (com.ankamagames.tools.alea.converter_ToVideo.swf.helper.Monitor:37) - Export des swf  1 fichiers en 134.6475 ms
 INFO 10:40:40 [main] (com.ankamagames.tools.alea.converter_ToVideo.swf.AnimExporter:88) - ---- AnimCourseMarket17
 INFO 10:40:40 [main] (com.ankamagames.tools.alea.converter_ToVideo.swf.helper.Monitor:37) - Export des swf  1 fichiers en 198.25409 ms
 INFO 14:32:21 [main] (com.ankamagames.tools.alea.converter_ToVideo.swf.AnimExporter:88) - ---- 193805229
 INFO 14:32:21 [main] (com.ankamagames.tools.alea.converter_ToVideo.swf.helper.Monitor:37) - Export des swf  1 fichiers en 323.2212 ms
 INFO 10:18:47 [main] (com.ankamagames.tools.alea.converter_ToVideo.swf.AnimExporter:88) - ---- AnimEmotesMarket17
 INFO 10:18:47 [main] (com.ankamagames.tools.alea.converter_ToVideo.swf.helper.Monitor:37) - Export des swf  1 fichiers en 261.0708 ms
 INFO 10:25:55 [main] (com.ankamagames.tools.alea.converter_ToVideo.swf.AnimExporter:88) - ---- AnimEmotesMarket17
 INFO 10:25:55 [main] (com.ankamagames.tools.alea.converter_ToVideo.swf.helper.Monitor:37) - Export des swf  1 fichiers en 158.57431 ms
 INFO 15:54:37 [main] (com.ankamagames.tools.alea.converter_ToVideo.swf.AnimExporter:88) - ---- AnimSort_10
 INFO 15:54:37 [main] (com.ankamagames.tools.alea.converter_ToVideo.swf.helper.Monitor:37) - Export des swf  1 fichiers en 136.58951 ms
 INFO 13:57:29 [main] (com.ankamagames.tools.alea.converter_ToVideo.swf.AnimExporter:88) - ---- 193805229
 INFO 13:57:30 [main] (com.ankamagames.tools.alea.converter_ToVideo.swf.helper.Monitor:37) - Export des swf  1 fichiers en 310.47708 ms
 INFO 12:27:16 [main] (com.ankamagames.tools.alea.converter_ToVideo.swf.AnimExporter:88) - ---- 1106605232
 INFO 12:27:16 [main] (com.ankamagames.tools.alea.converter_ToVideo.swf.AnimExporter:88) - ---- 1106605233
 INFO 12:27:16 [main] (com.ankamagames.tools.alea.converter_ToVideo.swf.AnimExporter:88) - ---- 1106605234
 INFO 12:27:16 [main] (com.ankamagames.tools.alea.converter_ToVideo.swf.AnimExporter:88) - ---- 1106605235
 INFO 12:27:16 [main] (com.ankamagames.tools.alea.converter_ToVideo.swf.AnimExporter:88) - ---- 1106605236
 INFO 12:27:16 [main] (com.ankamagames.tools.alea.converter_ToVideo.swf.AnimExporter:88) - ---- 1106605237
 INFO 12:27:16 [main] (com.ankamagames.tools.alea.converter_ToVideo.swf.AnimExporter:88) - ---- 1106705238
 INFO 12:27:16 [main] (com.ankamagames.tools.alea.converter_ToVideo.swf.AnimExporter:88) - ---- 1106705239
 INFO 12:27:16 [main] (com.ankamagames.tools.alea.converter_ToVideo.swf.AnimExporter:88) - ---- 1106705240
 INFO 12:27:17 [main] (com.ankamagames.tools.alea.converter_ToVideo.swf.AnimExporter:88) - ---- 1106705241
 INFO 12:27:17 [main] (com.ankamagames.tools.alea.converter_ToVideo.swf.AnimExporter:88) - ---- 1106705242
 INFO 12:27:17 [main] (com.ankamagames.tools.alea.converter_ToVideo.swf.AnimExporter:88) - ---- 1106705243
 INFO 12:27:17 [main] (com.ankamagames.tools.alea.converter_ToVideo.swf.AnimExporter:88) - ---- 1106805244
 INFO 12:27:17 [main] (com.ankamagames.tools.alea.converter_ToVideo.swf.AnimExporter:88) - ---- 1106805245
 INFO 12:27:17 [main] (com.ankamagames.tools.alea.converter_ToVideo.swf.AnimExporter:88) - ---- 1106805246
 INFO 12:27:17 [main] (com.ankamagames.tools.alea.converter_ToVideo.swf.AnimExporter:88) - ---- 1106805247
 INFO 12:27:17 [main] (com.ankamagames.tools.alea.converter_ToVideo.swf.AnimExporter:88) - ---- 1106805248
 INFO 12:27:17 [main] (com.ankamagames.tools.alea.converter_ToVideo.swf.AnimExporter:88) - ---- 1106805249
 INFO 12:27:17 [main] (com.ankamagames.tools.alea.converter_ToVideo.swf.helper.Monitor:37) - Export des swf  18 fichiers en 1903.4092 ms
 INFO 10:59:45 [main] (com.ankamagames.tools.alea.converter_ToVideo.swf.AnimExporter:88) - ---- 1106905250
 INFO 10:59:45 [main] (com.ankamagames.tools.alea.converter_ToVideo.swf.AnimExporter:88) - ---- 1106905251
 INFO 10:59:45 [main] (com.ankamagames.tools.alea.converter_ToVideo.swf.helper.Monitor:37) - Export des swf  2 fichiers en 493.6543 ms
 INFO 14:57:59 [main] (com.ankamagames.tools.alea.converter_ToVideo.swf.AnimExporter:88) - ---- AnimCourseMarket17
 INFO 14:57:59 [main] (com.ankamagames.tools.alea.converter_ToVideo.swf.AnimExporter:88) - ---- AnimCourseMarket18
 INFO 14:57:59 [main] (com.ankamagames.tools.alea.converter_ToVideo.swf.AnimExporter:88) - ---- AnimCourseMarket19
 INFO 14:57:59 [main] (com.ankamagames.tools.alea.converter_ToVideo.swf.helper.Monitor:37) - Export des swf  3 fichiers en 629.758 ms
 INFO 10:39:33 [main] (com.ankamagames.tools.alea.converter_ToVideo.swf.AnimExporter:88) - ---- 1106905252
 INFO 10:39:34 [main] (com.ankamagames.tools.alea.converter_ToVideo.swf.AnimExporter:88) - ---- 1300099
 INFO 10:39:34 [main] (com.ankamagames.tools.alea.converter_ToVideo.swf.AnimExporter:88) - ---- 1300100
 INFO 10:39:34 [main] (com.ankamagames.tools.alea.converter_ToVideo.swf.AnimExporter:88) - ---- 1300101
 INFO 10:39:34 [main] (com.ankamagames.tools.alea.converter_ToVideo.swf.AnimExporter:88) - ---- 1300102
 INFO 10:39:34 [main] (com.ankamagames.tools.alea.converter_ToVideo.swf.AnimExporter:88) - ---- 151805256
 INFO 10:39:34 [main] (com.ankamagames.tools.alea.converter_ToVideo.swf.helper.Monitor:37) - Export des swf  6 fichiers en 641.6331 ms
 INFO 10:44:18 [main] (com.ankamagames.tools.alea.converter_ToVideo.swf.AnimExporter:88) - ---- 1300102
 INFO 10:44:18 [main] (com.ankamagames.tools.alea.converter_ToVideo.swf.helper.Monitor:37) - Export des swf  1 fichiers en 149.3592 ms
 INFO 10:57:29 [main] (com.ankamagames.tools.alea.converter_ToVideo.swf.AnimExporter:88) - ---- 1106905252
 INFO 10:57:29 [main] (com.ankamagames.tools.alea.converter_ToVideo.swf.AnimExporter:88) - ---- 1300100
 INFO 10:57:29 [main] (com.ankamagames.tools.alea.converter_ToVideo.swf.AnimExporter:88) - ---- 1300101
 INFO 10:57:29 [main] (com.ankamagames.tools.alea.converter_ToVideo.swf.AnimExporter:88) - ---- 151805256
 INFO 10:57:29 [main] (com.ankamagames.tools.alea.converter_ToVideo.swf.helper.Monitor:37) - Export des swf  4 fichiers en 434.7876 ms
 INFO 11:50:27 [main] (com.ankamagames.tools.alea.converter_ToVideo.swf.AnimExporter:88) - ---- AnimCourseMarket19
 INFO 11:50:27 [main] (com.ankamagames.tools.alea.converter_ToVideo.swf.helper.Monitor:37) - Export des swf  1 fichiers en 267.4856 ms
ERROR 11:58:04 [main] (com.ankamagames.tools.alea.converter_ToVideo.swf.AnimExporter:278) - 
 le fichier G:\WORK\GAMES\WAKFU\Tool\SWF\SuperAnimExporter\skin_wakfu\160.swf n'existe pas
	at com.ankamagames.tools.alea.converter_ToVideo.swf.AnimExporter.checkLinker(AnimExporter.java:70)
	at com.ankamagames.tools.alea.converter_ToVideo.swf.AnimExporter.fromConfig(AnimExporter.java:63)
	at com.ankamagames.tools.alea.converter_ToVideo.swf.AnimExporter.main(AnimExporter.java:275)
ERROR 12:05:15 [main] (com.ankamagames.tools.alea.converter_ToVideo.swf.AnimExporter:278) - 
 le fichier G:\WORK\GAMES\WAKFU\Tool\SWF\SuperAnimExporter\skin_wakfu\160.swf n'existe pas
	at com.ankamagames.tools.alea.converter_ToVideo.swf.AnimExporter.checkLinker(AnimExporter.java:70)
	at com.ankamagames.tools.alea.converter_ToVideo.swf.AnimExporter.fromConfig(AnimExporter.java:63)
	at com.ankamagames.tools.alea.converter_ToVideo.swf.AnimExporter.main(AnimExporter.java:275)
ERROR 12:05:43 [main] (com.ankamagames.tools.alea.converter_ToVideo.swf.AnimExporter:278) - 
 le fichier G:\WORK\GAMES\WAKFU\Tool\SWF\SuperAnimExporter\skin_wakfu\160.swf n'existe pas
	at com.ankamagames.tools.alea.converter_ToVideo.swf.AnimExporter.checkLinker(AnimExporter.java:70)
	at com.ankamagames.tools.alea.converter_ToVideo.swf.AnimExporter.fromConfig(AnimExporter.java:63)
	at com.ankamagames.tools.alea.converter_ToVideo.swf.AnimExporter.main(AnimExporter.java:275)
ERROR 12:05:47 [main] (com.ankamagames.tools.alea.converter_ToVideo.swf.AnimExporter:278) - 
 le fichier G:\WORK\GAMES\WAKFU\Tool\SWF\SuperAnimExporter\skin_wakfu\160.swf n'existe pas
	at com.ankamagames.tools.alea.converter_ToVideo.swf.AnimExporter.checkLinker(AnimExporter.java:70)
	at com.ankamagames.tools.alea.converter_ToVideo.swf.AnimExporter.fromConfig(AnimExporter.java:63)
	at com.ankamagames.tools.alea.converter_ToVideo.swf.AnimExporter.main(AnimExporter.java:275)
ERROR 12:05:49 [main] (com.ankamagames.tools.alea.converter_ToVideo.swf.AnimExporter:278) - 
 le fichier G:\WORK\GAMES\WAKFU\Tool\SWF\SuperAnimExporter\skin_wakfu\160.swf n'existe pas
	at com.ankamagames.tools.alea.converter_ToVideo.swf.AnimExporter.checkLinker(AnimExporter.java:70)
	at com.ankamagames.tools.alea.converter_ToVideo.swf.AnimExporter.fromConfig(AnimExporter.java:63)
	at com.ankamagames.tools.alea.converter_ToVideo.swf.AnimExporter.main(AnimExporter.java:275)
ERROR 12:05:53 [main] (com.ankamagames.tools.alea.converter_ToVideo.swf.AnimExporter:278) - 
 le fichier G:\WORK\GAMES\WAKFU\Tool\SWF\SuperAnimExporter\skin_wakfu\160.swf n'existe pas
	at com.ankamagames.tools.alea.converter_ToVideo.swf.AnimExporter.checkLinker(AnimExporter.java:70)
	at com.ankamagames.tools.alea.converter_ToVideo.swf.AnimExporter.fromConfig(AnimExporter.java:63)
	at com.ankamagames.tools.alea.converter_ToVideo.swf.AnimExporter.main(AnimExporter.java:275)
ERROR 12:06:47 [main] (com.ankamagames.tools.alea.converter_ToVideo.swf.AnimExporter:278) - 
 le fichier G:\WORK\GAMES\WAKFU\Tool\SWF\SuperAnimExporter\skin_wakfu\160.swf n'existe pas
	at com.ankamagames.tools.alea.converter_ToVideo.swf.AnimExporter.checkLinker(AnimExporter.java:70)
	at com.ankamagames.tools.alea.converter_ToVideo.swf.AnimExporter.fromConfig(AnimExporter.java:63)
	at com.ankamagames.tools.alea.converter_ToVideo.swf.AnimExporter.main(AnimExporter.java:275)
 INFO 12:07:58 [main] (com.ankamagames.tools.alea.converter_ToVideo.swf.AnimExporter:88) - ---- 186604203
 INFO 12:07:58 [main] (com.ankamagames.tools.alea.converter_ToVideo.swf.helper.Monitor:37) - Export des swf  1 fichiers en 184.6479 ms
ERROR 12:09:27 [main] (com.ankamagames.tools.alea.converter_ToVideo.swf.AnimExporter:278) - 
java.lang.IllegalArgumentException: Flash version > 8 not supported!
	at com.jswiff.SWFDocument.setVersion(SWFDocument.java:266)
	at com.jswiff.listeners.SWFDocumentReader.processHeader(SWFDocumentReader.java:70)
	at com.jswiff.SWFReader.processHeader(SWFReader.java:169)
	at com.jswiff.SWFReader.read(SWFReader.java:112)
	at com.ankamagames.tools.alea.converter_ToVideo.swf.SWF.load(SWF.java:70)
	at com.ankamagames.tools.alea.converter_ToVideo.swf.AnimExporter.convert(AnimExporter.java:256)
	at com.ankamagames.tools.alea.converter_ToVideo.swf.AnimExporter.execute(AnimExporter.java:199)
	at com.ankamagames.tools.alea.converter_ToVideo.swf.AnimExporter.main(AnimExporter.java:276)
ERROR 12:09:57 [main] (com.ankamagames.tools.alea.converter_ToVideo.swf.AnimExporter:278) - 
java.lang.IllegalArgumentException: Flash version > 8 not supported!
	at com.jswiff.SWFDocument.setVersion(SWFDocument.java:266)
	at com.jswiff.listeners.SWFDocumentReader.processHeader(SWFDocumentReader.java:70)
	at com.jswiff.SWFReader.processHeader(SWFReader.java:169)
	at com.jswiff.SWFReader.read(SWFReader.java:112)
	at com.ankamagames.tools.alea.converter_ToVideo.swf.SWF.load(SWF.java:70)
	at com.ankamagames.tools.alea.converter_ToVideo.swf.AnimExporter.convert(AnimExporter.java:256)
	at com.ankamagames.tools.alea.converter_ToVideo.swf.AnimExporter.execute(AnimExporter.java:199)
	at com.ankamagames.tools.alea.converter_ToVideo.swf.AnimExporter.main(AnimExporter.java:276)
